17:54:38  INFO  manager.MyListener - Start find element with 'locator' --->By.cssSelector: [href='/login']
17:54:38  INFO  manager.MyListener - End of find element with 'locator' --->By.cssSelector: [href='/login']
17:54:38  INFO  manager.MyListener - Start find element with 'locator' --->By.cssSelector: [href='/login']
17:54:38  INFO  manager.MyListener - End of find element with 'locator' --->By.cssSelector: [href='/login']
17:54:38  INFO  manager.MyListener - Start find element with 'locator' --->By.cssSelector: [href='/login']
17:54:38  INFO  manager.MyListener - End of find element with 'locator' --->By.cssSelector: [href='/login']
17:54:38  INFO  manager.MyListener - Start find element with 'locator' --->By.id: user
17:54:39  INFO  manager.MyListener - End of find element with 'locator' --->By.id: user
17:54:40  INFO  manager.MyListener - Start find element with 'locator' --->By.id: login
17:54:40  INFO  manager.MyListener - End of find element with 'locator' --->By.id: login
17:54:42  INFO  manager.MyListener - Start find element with 'locator' --->By.id: password
17:54:42  INFO  manager.MyListener - End of find element with 'locator' --->By.id: password
17:54:43  INFO  manager.MyListener - Start find element with 'locator' --->By.cssSelector: #login-submit
17:54:43  INFO  manager.MyListener - End of find element with 'locator' --->By.cssSelector: #login-submit
17:54:43  INFO  manager.MyListener - Start find element with 'locator' --->By.cssSelector: [data-test-id ='create-board-tile']
17:54:49  INFO  manager.MyListener - End of find element with 'locator' --->By.cssSelector: [data-test-id ='create-board-tile']
17:54:49  INFO  manager.MyListener - Start find element with 'locator' --->By.cssSelector: [data-test-id ='create-board-title-input']
17:54:49  INFO  manager.MyListener - End of find element with 'locator' --->By.cssSelector: [data-test-id ='create-board-title-input']
17:54:50  INFO  manager.MyListener - Start find element with 'locator' --->By.cssSelector: button[title='Green']
17:54:50  INFO  manager.MyListener - End of find element with 'locator' --->By.cssSelector: button[title='Green']
17:54:50  INFO  manager.MyListener - Start find element with 'locator' --->By.cssSelector: [data-test-id='create-board-submit-button']
17:54:50  INFO  manager.MyListener - End of find element with 'locator' --->By.cssSelector: [data-test-id='create-board-submit-button']
17:54:52  INFO  manager.MyListener - Start find element with 'locator' --->By.cssSelector: [aria-label='Back to home']
17:54:52  INFO  manager.MyListener - End of find element with 'locator' --->By.cssSelector: [aria-label='Back to home']
17:54:55  INFO  manager.MyListener - Start find element with 'locator' --->By.cssSelector: div.content-all-boards>div>div:nth-child(2) ul div[title]
17:54:55  INFO  manager.MyListener - End of find element with 'locator' --->By.cssSelector: div.content-all-boards>div>div:nth-child(2) ul div[title]
