19:18:54  INFO  manager.MyListener - Start find element with 'locator' --->By.cssSelector: [aria-label='Open member menu']
19:19:04  INFO  manager.MyListener - End of find element with 'locator' --->By.cssSelector: [aria-label='Open member menu']
19:19:04  INFO  manager.MyListener - Start find element with 'locator' --->By.cssSelector: [href='/login']
19:19:04  INFO  manager.MyListener - End of find element with 'locator' --->By.cssSelector: [href='/login']
19:19:04  INFO  manager.MyListener - Start find element with 'locator' --->By.cssSelector: [href='/login']
19:19:04  INFO  manager.MyListener - End of find element with 'locator' --->By.cssSelector: [href='/login']
19:19:05  INFO  manager.MyListener - Start find element with 'locator' --->By.id: user
19:19:07  INFO  manager.MyListener - End of find element with 'locator' --->By.id: user
19:19:10  INFO  manager.MyListener - Start find element with 'locator' --->By.id: login
19:19:10  INFO  manager.MyListener - End of find element with 'locator' --->By.id: login
19:19:16  INFO  manager.MyListener - Start find element with 'locator' --->By.id: password
19:19:16  INFO  manager.MyListener - End of find element with 'locator' --->By.id: password
19:19:17  INFO  manager.MyListener - Start find element with 'locator' --->By.cssSelector: #login-submit
19:19:17  INFO  manager.MyListener - End of find element with 'locator' --->By.cssSelector: #login-submit
19:19:17  INFO  manager.MyListener - Start find element with 'locator' --->By.cssSelector: [aria-label='Open member menu']
19:19:35  INFO  manager.MyListener - End of find element with 'locator' --->By.cssSelector: [aria-label='Open member menu']
19:19:35  INFO  manager.MyListener - Start find element with 'locator' --->By.cssSelector: [href='/login']
19:19:45  INFO  manager.MyListener - End of find element with 'locator' --->By.cssSelector: [href='/login']
19:19:45  INFO  manager.MyListener - Start find element with 'locator' --->By.cssSelector: .content-all-boards>div>div:nth-child(2) li
19:19:45  INFO  manager.MyListener - End of find element with 'locator' --->By.cssSelector: .content-all-boards>div>div:nth-child(2) li
19:19:45  INFO  manager.MyListener - Start find element with 'locator' --->By.cssSelector: [data-test-id ='create-board-tile']
19:19:45  INFO  manager.MyListener - End of find element with 'locator' --->By.cssSelector: [data-test-id ='create-board-tile']
19:19:46  INFO  manager.MyListener - Start find element with 'locator' --->By.cssSelector: [data-test-id ='create-board-title-input']
19:19:46  INFO  manager.MyListener - End of find element with 'locator' --->By.cssSelector: [data-test-id ='create-board-title-input']
19:19:49  INFO  manager.MyListener - Start find element with 'locator' --->By.cssSelector: button[title='Green']
19:19:49  INFO  manager.MyListener - End of find element with 'locator' --->By.cssSelector: button[title='Green']
19:19:49  INFO  manager.MyListener - Start find element with 'locator' --->By.cssSelector: [data-test-id='create-board-submit-button']
19:19:49  INFO  manager.MyListener - End of find element with 'locator' --->By.cssSelector: [data-test-id='create-board-submit-button']
19:19:51  INFO  manager.MyListener - Start find element with 'locator' --->By.cssSelector: [aria-label='Back to home']
19:19:52  INFO  manager.MyListener - End of find element with 'locator' --->By.cssSelector: [aria-label='Back to home']
19:19:54  INFO  manager.MyListener - Start find element with 'locator' --->By.cssSelector: .content-all-boards>div>div:nth-child(3) li
19:20:06  INFO  manager.MyListener - End of find element with 'locator' --->By.cssSelector: .content-all-boards>div>div:nth-child(3) li
19:20:06  INFO  tests.TestBase - Count of boards before test was :-1
19:20:06  INFO  manager.MyListener - Start find element with 'locator' --->By.cssSelector: .board-tile-details
19:20:16  INFO  manager.MyListener - We have a throwable ---> no such element: Unable to locate element: {"method":"css selector","selector":".board-tile-details"}
  (Session info: chrome=99.0.4844.74)
For documentation on this error, please visit: https://selenium.dev/exceptions/#no_such_element
Build info: version: '4.1.2', revision: '9a5a329c5a'
System info: host: 'MacBook-Pro-Taya.local', ip: 'fe80:0:0:0:1460:97c3:c17a:e33a%en0', os.name: 'Mac OS X', os.arch: 'x86_64', os.version: '10.16', java.version: '1.8.0_151'
Driver info: org.openqa.selenium.chrome.ChromeDriver
Command: [57274b7c09d5169303f4876ef62a5f9c, findElement {using=css selector, value=.board-tile-details}]
Capabilities {acceptInsecureCerts: false, browserName: chrome, browserVersion: 99.0.4844.74, chrome: {chromedriverVersion: 98.0.4758.48 (d869ab3eda606..., userDataDir: /var/folders/s_/hl4vhy0959g...}, goog:chromeOptions: {debuggerAddress: localhost:52611}, javascriptEnabled: true, networkConnectionEnabled: false, pageLoadStrategy: normal, platform: MAC, platformName: MAC, proxy: Proxy(), se:cdp: ws://localhost:52611/devtoo..., se:cdpVersion: 99.0.4844.74, setWindowRect: true, strictFileInteractability: false, timeouts: {implicit: 0, pageLoad: 300000, script: 30000}, unhandledPromptBehavior: dismiss and notify, webauthn:extension:credBlob: true, webauthn:extension:largeBlob: true, webauthn:virtualAuthenticators: true}
Session ID: 57274b7c09d5169303f4876ef62a5f9c
19:20:16  INFO  manager.MyListener - **************
19:20:16  INFO  manager.MyListener - We have a throwable ---> org.openqa.selenium.NoSuchElementException: no such element: Unable to locate element: {"method":"css selector","selector":".board-tile-details"}
  (Session info: chrome=99.0.4844.74)
For documentation on this error, please visit: https://selenium.dev/exceptions/#no_such_element
Build info: version: '4.1.2', revision: '9a5a329c5a'
System info: host: 'MacBook-Pro-Taya.local', ip: 'fe80:0:0:0:1460:97c3:c17a:e33a%en0', os.name: 'Mac OS X', os.arch: 'x86_64', os.version: '10.16', java.version: '1.8.0_151'
Driver info: org.openqa.selenium.chrome.ChromeDriver
Command: [57274b7c09d5169303f4876ef62a5f9c, findElement {using=css selector, value=.board-tile-details}]
Capabilities {acceptInsecureCerts: false, browserName: chrome, browserVersion: 99.0.4844.74, chrome: {chromedriverVersion: 98.0.4758.48 (d869ab3eda606..., userDataDir: /var/folders/s_/hl4vhy0959g...}, goog:chromeOptions: {debuggerAddress: localhost:52611}, javascriptEnabled: true, networkConnectionEnabled: false, pageLoadStrategy: normal, platform: MAC, platformName: MAC, proxy: Proxy(), se:cdp: ws://localhost:52611/devtoo..., se:cdpVersion: 99.0.4844.74, setWindowRect: true, strictFileInteractability: false, timeouts: {implicit: 0, pageLoad: 300000, script: 30000}, unhandledPromptBehavior: dismiss and notify, webauthn:extension:credBlob: true, webauthn:extension:largeBlob: true, webauthn:virtualAuthenticators: true}
Session ID: 57274b7c09d5169303f4876ef62a5f9c
19:20:16  INFO  manager.MyListener - **************
19:20:16  INFO  manager.MyListener - Screen with throwable  ---> src/test/screenshots/screenshot-1216.png
