20:12:23  INFO  manager.MyListener - Start find element with 'locator' --->By.cssSelector: [href='/login']
20:12:23  INFO  manager.MyListener - End of find element with 'locator' --->By.cssSelector: [href='/login']
20:12:23  INFO  manager.MyListener - Start find element with 'locator' --->By.cssSelector: [href='/login']
20:12:23  INFO  manager.MyListener - End of find element with 'locator' --->By.cssSelector: [href='/login']
20:12:23  INFO  manager.MyListener - Start find element with 'locator' --->By.id: user
20:12:24  INFO  manager.MyListener - End of find element with 'locator' --->By.id: user
20:12:25  INFO  manager.MyListener - We have a throwable ---> unknown error: Cannot construct KeyEvent from non-typeable key
  (Session info: chrome=99.0.4844.74)
Build info: version: '4.1.2', revision: '9a5a329c5a'
System info: host: 'MBP-Taya.lan', ip: 'fe80:0:0:0:1460:97c3:c17a:e33a%en0', os.name: 'Mac OS X', os.arch: 'x86_64', os.version: '10.16', java.version: '1.8.0_151'
Driver info: org.openqa.selenium.chrome.ChromeDriver
Command: [e7f1fbda4398ea56ae128195ab54c2b0, sendKeysToElement {id=abcaa5f0-e389-41de-bc9d-ef2e75785e14, value=[Ljava.lang.CharSequence;@218d3a}]
Capabilities {acceptInsecureCerts: false, browserName: chrome, browserVersion: 99.0.4844.74, chrome: {chromedriverVersion: 98.0.4758.48 (d869ab3eda606..., userDataDir: /var/folders/s_/hl4vhy0959g...}, goog:chromeOptions: {debuggerAddress: localhost:53095}, javascriptEnabled: true, networkConnectionEnabled: false, pageLoadStrategy: normal, platform: MAC, platformName: MAC, proxy: Proxy(), se:cdp: ws://localhost:53095/devtoo..., se:cdpVersion: 99.0.4844.74, setWindowRect: true, strictFileInteractability: false, timeouts: {implicit: 0, pageLoad: 300000, script: 30000}, unhandledPromptBehavior: dismiss and notify, webauthn:extension:credBlob: true, webauthn:extension:largeBlob: true, webauthn:virtualAuthenticators: true}
Element: [[ChromeDriver: chrome on MAC (e7f1fbda4398ea56ae128195ab54c2b0)] -> id: user]
Session ID: e7f1fbda4398ea56ae128195ab54c2b0
20:12:25  INFO  manager.MyListener - **************
20:12:25  INFO  manager.MyListener - We have a throwable ---> org.openqa.selenium.WebDriverException: unknown error: Cannot construct KeyEvent from non-typeable key
  (Session info: chrome=99.0.4844.74)
Build info: version: '4.1.2', revision: '9a5a329c5a'
System info: host: 'MBP-Taya.lan', ip: 'fe80:0:0:0:1460:97c3:c17a:e33a%en0', os.name: 'Mac OS X', os.arch: 'x86_64', os.version: '10.16', java.version: '1.8.0_151'
Driver info: org.openqa.selenium.chrome.ChromeDriver
Command: [e7f1fbda4398ea56ae128195ab54c2b0, sendKeysToElement {id=abcaa5f0-e389-41de-bc9d-ef2e75785e14, value=[Ljava.lang.CharSequence;@218d3a}]
Capabilities {acceptInsecureCerts: false, browserName: chrome, browserVersion: 99.0.4844.74, chrome: {chromedriverVersion: 98.0.4758.48 (d869ab3eda606..., userDataDir: /var/folders/s_/hl4vhy0959g...}, goog:chromeOptions: {debuggerAddress: localhost:53095}, javascriptEnabled: true, networkConnectionEnabled: false, pageLoadStrategy: normal, platform: MAC, platformName: MAC, proxy: Proxy(), se:cdp: ws://localhost:53095/devtoo..., se:cdpVersion: 99.0.4844.74, setWindowRect: true, strictFileInteractability: false, timeouts: {implicit: 0, pageLoad: 300000, script: 30000}, unhandledPromptBehavior: dismiss and notify, webauthn:extension:credBlob: true, webauthn:extension:largeBlob: true, webauthn:virtualAuthenticators: true}
Element: [[ChromeDriver: chrome on MAC (e7f1fbda4398ea56ae128195ab54c2b0)] -> id: user]
Session ID: e7f1fbda4398ea56ae128195ab54c2b0
20:12:25  INFO  manager.MyListener - **************
20:12:25  INFO  manager.MyListener - Screen with throwable  ---> src/test/screenshots/screenshot-745.png
