19:24:42  INFO  manager.MyListener - Start find element with 'locator' --->By.cssSelector: [href='/login']
19:24:42  INFO  manager.MyListener - End of find element with 'locator' --->By.cssSelector: [href='/login']
19:24:42  INFO  manager.MyListener - Start find element with 'locator' --->By.cssSelector: [href='/login']
19:24:42  INFO  manager.MyListener - End of find element with 'locator' --->By.cssSelector: [href='/login']
19:24:42  INFO  manager.MyListener - Start find element with 'locator' --->By.cssSelector: [href='/login']
19:24:42  INFO  manager.MyListener - End of find element with 'locator' --->By.cssSelector: [href='/login']
19:24:42  INFO  manager.MyListener - Start find element with 'locator' --->By.id: user
19:24:44  INFO  manager.MyListener - End of find element with 'locator' --->By.id: user
19:24:44  INFO  manager.MyListener - We have a throwable ---> unknown error: Cannot construct KeyEvent from non-typeable key
  (Session info: chrome=99.0.4844.51)
Build info: version: '3.141.5', revision: 'd54ebd709a', time: '2018-11-06T11:42:16'
System info: host: 'MacBook-Pro-Taya.local', ip: 'fe80:0:0:0:cdc:a07f:ca4f:d4c6%en0', os.name: 'Mac OS X', os.arch: 'x86_64', os.version: '10.16', java.version: '1.8.0_151'
Driver info: org.openqa.selenium.chrome.ChromeDriver
Capabilities {acceptInsecureCerts: false, browserName: chrome, browserVersion: 99.0.4844.51, chrome: {chromedriverVersion: 98.0.4758.48 (d869ab3eda606..., userDataDir: /var/folders/s_/hl4vhy0959g...}, goog:chromeOptions: {debuggerAddress: localhost:52217}, javascriptEnabled: true, networkConnectionEnabled: false, pageLoadStrategy: normal, platform: MAC, platformName: MAC, proxy: Proxy(), setWindowRect: true, strictFileInteractability: false, timeouts: {implicit: 0, pageLoad: 300000, script: 30000}, unhandledPromptBehavior: dismiss and notify, webauthn:extension:credBlob: true, webauthn:extension:largeBlob: true, webauthn:virtualAuthenticators: true}
Session ID: 90e98ec243516d3ce7f52ee8d876caa5
19:24:44  INFO  manager.MyListener - **************
19:24:44  INFO  manager.MyListener - We have a throwable ---> org.openqa.selenium.WebDriverException: unknown error: Cannot construct KeyEvent from non-typeable key
  (Session info: chrome=99.0.4844.51)
Build info: version: '3.141.5', revision: 'd54ebd709a', time: '2018-11-06T11:42:16'
System info: host: 'MacBook-Pro-Taya.local', ip: 'fe80:0:0:0:cdc:a07f:ca4f:d4c6%en0', os.name: 'Mac OS X', os.arch: 'x86_64', os.version: '10.16', java.version: '1.8.0_151'
Driver info: org.openqa.selenium.chrome.ChromeDriver
Capabilities {acceptInsecureCerts: false, browserName: chrome, browserVersion: 99.0.4844.51, chrome: {chromedriverVersion: 98.0.4758.48 (d869ab3eda606..., userDataDir: /var/folders/s_/hl4vhy0959g...}, goog:chromeOptions: {debuggerAddress: localhost:52217}, javascriptEnabled: true, networkConnectionEnabled: false, pageLoadStrategy: normal, platform: MAC, platformName: MAC, proxy: Proxy(), setWindowRect: true, strictFileInteractability: false, timeouts: {implicit: 0, pageLoad: 300000, script: 30000}, unhandledPromptBehavior: dismiss and notify, webauthn:extension:credBlob: true, webauthn:extension:largeBlob: true, webauthn:virtualAuthenticators: true}
Session ID: 90e98ec243516d3ce7f52ee8d876caa5
19:24:44  INFO  manager.MyListener - **************
19:24:44  INFO  manager.MyListener - Screen with throwable  ---> src/test/screenshots/screenshot-1484.png
