22:52:54  INFO  manager.MyListener - Start find element with 'locator' --->By.cssSelector: [href='/login']
22:52:54  INFO  manager.MyListener - End of find element with 'locator' --->By.cssSelector: [href='/login']
22:52:54  INFO  manager.MyListener - Start find element with 'locator' --->By.cssSelector: [href='/login']
22:52:54  INFO  manager.MyListener - End of find element with 'locator' --->By.cssSelector: [href='/login']
22:52:54  INFO  manager.MyListener - Start find element with 'locator' --->By.cssSelector: [href='/login']
22:52:54  INFO  manager.MyListener - End of find element with 'locator' --->By.cssSelector: [href='/login']
22:52:54  INFO  manager.MyListener - Start find element with 'locator' --->By.id: user
22:52:55  INFO  manager.MyListener - End of find element with 'locator' --->By.id: user
22:52:55  INFO  manager.MyListener - Start find element with 'locator' --->By.id: login
22:52:55  INFO  manager.MyListener - End of find element with 'locator' --->By.id: login
22:52:57  INFO  manager.MyListener - Start find element with 'locator' --->By.id: password
22:52:58  INFO  manager.MyListener - End of find element with 'locator' --->By.id: password
22:52:58  INFO  manager.MyListener - Start find element with 'locator' --->By.cssSelector: #login-submit
22:53:03  INFO  manager.MyListener - We have a throwable ---> no such element: Unable to locate element: {"method":"css selector","selector":"#login-submit"}
  (Session info: chrome=99.0.4844.83)
For documentation on this error, please visit: https://www.seleniumhq.org/exceptions/no_such_element.html
Build info: version: '3.141.59', revision: 'e82be7d358', time: '2018-11-14T08:17:03'
System info: host: 'MBP-Taya.lan', ip: 'fe80:0:0:0:1460:97c3:c17a:e33a%en0', os.name: 'Mac OS X', os.arch: 'x86_64', os.version: '10.16', java.version: '1.8.0_151'
Driver info: org.openqa.selenium.chrome.ChromeDriver
Capabilities {acceptInsecureCerts: false, browserName: chrome, browserVersion: 99.0.4844.83, chrome: {chromedriverVersion: 98.0.4758.48 (d869ab3eda606..., userDataDir: /var/folders/s_/hl4vhy0959g...}, goog:chromeOptions: {debuggerAddress: localhost:52965}, javascriptEnabled: true, networkConnectionEnabled: false, pageLoadStrategy: normal, platform: MAC, platformName: MAC, proxy: Proxy(), setWindowRect: true, strictFileInteractability: false, timeouts: {implicit: 0, pageLoad: 300000, script: 30000}, unhandledPromptBehavior: dismiss and notify, webauthn:extension:credBlob: true, webauthn:extension:largeBlob: true, webauthn:virtualAuthenticators: true}
Session ID: 438cf2c9e475c857cc82a65fe98e39c9
*** Element info: {Using=css selector, value=#login-submit}
22:53:03  INFO  manager.MyListener - **************
22:53:03  INFO  manager.MyListener - We have a throwable ---> org.openqa.selenium.NoSuchElementException: no such element: Unable to locate element: {"method":"css selector","selector":"#login-submit"}
  (Session info: chrome=99.0.4844.83)
For documentation on this error, please visit: https://www.seleniumhq.org/exceptions/no_such_element.html
Build info: version: '3.141.59', revision: 'e82be7d358', time: '2018-11-14T08:17:03'
System info: host: 'MBP-Taya.lan', ip: 'fe80:0:0:0:1460:97c3:c17a:e33a%en0', os.name: 'Mac OS X', os.arch: 'x86_64', os.version: '10.16', java.version: '1.8.0_151'
Driver info: org.openqa.selenium.chrome.ChromeDriver
Capabilities {acceptInsecureCerts: false, browserName: chrome, browserVersion: 99.0.4844.83, chrome: {chromedriverVersion: 98.0.4758.48 (d869ab3eda606..., userDataDir: /var/folders/s_/hl4vhy0959g...}, goog:chromeOptions: {debuggerAddress: localhost:52965}, javascriptEnabled: true, networkConnectionEnabled: false, pageLoadStrategy: normal, platform: MAC, platformName: MAC, proxy: Proxy(), setWindowRect: true, strictFileInteractability: false, timeouts: {implicit: 0, pageLoad: 300000, script: 30000}, unhandledPromptBehavior: dismiss and notify, webauthn:extension:credBlob: true, webauthn:extension:largeBlob: true, webauthn:virtualAuthenticators: true}
Session ID: 438cf2c9e475c857cc82a65fe98e39c9
*** Element info: {Using=css selector, value=#login-submit}
22:53:03  INFO  manager.MyListener - **************
22:53:03  INFO  manager.MyListener - Screen with throwable  ---> src/test/screenshots/screenshot-3183.png
