17:54:07  INFO  manager.MyListener - Start find element with 'locator' --->By.cssSelector: [href='/login']
17:54:07  INFO  manager.MyListener - End of find element with 'locator' --->By.cssSelector: [href='/login']
17:54:07  INFO  manager.MyListener - Start find element with 'locator' --->By.cssSelector: [href='/login']
17:54:07  INFO  manager.MyListener - End of find element with 'locator' --->By.cssSelector: [href='/login']
17:54:07  INFO  manager.MyListener - Start find element with 'locator' --->By.cssSelector: [href='/login']
17:54:07  INFO  manager.MyListener - End of find element with 'locator' --->By.cssSelector: [href='/login']
17:54:08  INFO  manager.MyListener - Start find element with 'locator' --->By.id: user
17:54:09  INFO  manager.MyListener - End of find element with 'locator' --->By.id: user
17:54:09  INFO  manager.MyListener - Start find element with 'locator' --->By.id: login
17:54:09  INFO  manager.MyListener - End of find element with 'locator' --->By.id: login
17:54:11  INFO  manager.MyListener - Start find element with 'locator' --->By.id: password
17:54:12  INFO  manager.MyListener - End of find element with 'locator' --->By.id: password
17:54:12  INFO  manager.MyListener - Start find element with 'locator' --->By.cssSelector: #login-submit
17:54:12  INFO  manager.MyListener - End of find element with 'locator' --->By.cssSelector: #login-submit
17:54:12  INFO  manager.MyListener - Start find element with 'locator' --->By.cssSelector: [data-test-id ='create-board-tile']
17:54:18  INFO  manager.MyListener - End of find element with 'locator' --->By.cssSelector: [data-test-id ='create-board-tile']
17:54:18  INFO  manager.MyListener - Start find element with 'locator' --->By.cssSelector: [data-test-id ='create-board-title-input']
17:54:18  INFO  manager.MyListener - End of find element with 'locator' --->By.cssSelector: [data-test-id ='create-board-title-input']
17:54:19  INFO  manager.MyListener - Start find element with 'locator' --->By.cssSelector: button[title='Green']
17:54:19  INFO  manager.MyListener - End of find element with 'locator' --->By.cssSelector: button[title='Green']
17:54:19  INFO  manager.MyListener - Start find element with 'locator' --->By.cssSelector: [data-test-id='create-board-submit-button']
17:54:19  INFO  manager.MyListener - End of find element with 'locator' --->By.cssSelector: [data-test-id='create-board-submit-button']
17:54:21  INFO  manager.MyListener - Start find element with 'locator' --->By.cssSelector: [aria-label='Back to home']
17:54:21  INFO  manager.MyListener - End of find element with 'locator' --->By.cssSelector: [aria-label='Back to home']
17:54:24  INFO  manager.MyListener - Start find element with 'locator' --->By.cssSelector: div.content-all-boards>div>div:nth-child(2) ul div[title]
17:54:24  INFO  manager.MyListener - End of find element with 'locator' --->By.cssSelector: div.content-all-boards>div>div:nth-child(2) ul div[title]
