18:28:12  INFO  manager.MyListener - Start find element with 'locator' --->By.cssSelector: [href='/login']
18:28:12  INFO  manager.MyListener - End of find element with 'locator' --->By.cssSelector: [href='/login']
18:28:12  INFO  manager.MyListener - Start find element with 'locator' --->By.cssSelector: [href='/login']
18:28:12  INFO  manager.MyListener - End of find element with 'locator' --->By.cssSelector: [href='/login']
18:28:13  INFO  manager.MyListener - Start find element with 'locator' --->By.id: user
18:28:14  INFO  manager.MyListener - End of find element with 'locator' --->By.id: user
18:28:14  INFO  manager.MyListener - Start find element with 'locator' --->By.id: login
18:28:14  INFO  manager.MyListener - End of find element with 'locator' --->By.id: login
18:28:16  INFO  manager.MyListener - Start find element with 'locator' --->By.id: password
18:28:18  INFO  manager.MyListener - End of find element with 'locator' --->By.id: password
18:28:18  INFO  manager.MyListener - Start find element with 'locator' --->By.cssSelector: #login-submit
18:28:18  INFO  manager.MyListener - End of find element with 'locator' --->By.cssSelector: #login-submit
18:28:18  INFO  manager.MyListener - Start find element with 'locator' --->By.cssSelector: [data-test-id='header-member-menu-button']
18:28:26  INFO  manager.MyListener - End of find element with 'locator' --->By.cssSelector: [data-test-id='header-member-menu-button']
18:28:27  INFO  manager.MyListener - Start find element with 'locator' --->By.cssSelector: [data-test-id="header-member-menu-profile"]
18:28:27  INFO  manager.MyListener - End of find element with 'locator' --->By.cssSelector: [data-test-id="header-member-menu-profile"]
18:28:27  INFO  manager.MyListener - Start find element with 'locator' --->By.xpath: //a[text()='Atlassian profile']
18:28:28  INFO  manager.MyListener - End of find element with 'locator' --->By.xpath: //a[text()='Atlassian profile']
18:28:32  INFO  manager.MyListener - Start find element with 'locator' --->By.cssSelector: [data-test-selector='profile-avatar']
18:28:34  INFO  manager.MyListener - End of find element with 'locator' --->By.cssSelector: [data-test-selector='profile-avatar']
18:28:38  INFO  manager.MyListener - Start find element with 'locator' --->By.xpath: //*[text()='Change profile photo']
18:28:38  INFO  manager.MyListener - End of find element with 'locator' --->By.xpath: //*[text()='Change profile photo']
18:28:38  INFO  manager.MyListener - Start find element with 'locator' --->By.cssSelector: #image-input
18:28:38  INFO  manager.MyListener - End of find element with 'locator' --->By.cssSelector: #image-input
18:28:39  INFO  manager.MyListener - Start find element with 'locator' --->By.xpath: //button[.='Upload']
18:28:39  INFO  manager.MyListener - End of find element with 'locator' --->By.xpath: //button[.='Upload']
