17:57:11  INFO  manager.MyListener - Start find element with 'locator' --->By.cssSelector: [href='/login']
17:57:11  INFO  manager.MyListener - End of find element with 'locator' --->By.cssSelector: [href='/login']
17:57:11  INFO  manager.MyListener - Start find element with 'locator' --->By.cssSelector: [href='/login']
17:57:11  INFO  manager.MyListener - End of find element with 'locator' --->By.cssSelector: [href='/login']
17:57:11  INFO  manager.MyListener - Start find element with 'locator' --->By.cssSelector: [href='/login']
17:57:11  INFO  manager.MyListener - End of find element with 'locator' --->By.cssSelector: [href='/login']
17:57:11  INFO  manager.MyListener - Start find element with 'locator' --->By.id: user
17:57:12  INFO  manager.MyListener - End of find element with 'locator' --->By.id: user
17:57:13  INFO  manager.MyListener - Start find element with 'locator' --->By.id: login
17:57:13  INFO  manager.MyListener - End of find element with 'locator' --->By.id: login
17:57:15  INFO  manager.MyListener - Start find element with 'locator' --->By.id: password
17:57:17  INFO  manager.MyListener - End of find element with 'locator' --->By.id: password
17:57:18  INFO  manager.MyListener - Start find element with 'locator' --->By.cssSelector: #login-submit
17:57:18  INFO  manager.MyListener - End of find element with 'locator' --->By.cssSelector: #login-submit
17:57:18  INFO  manager.MyListener - Start find element with 'locator' --->By.cssSelector: [data-test-id='header-member-menu-button']
17:57:24  INFO  manager.MyListener - End of find element with 'locator' --->By.cssSelector: [data-test-id='header-member-menu-button']
17:57:25  INFO  manager.MyListener - Start find element with 'locator' --->By.cssSelector: [data-test-id="header-member-menu-profile"]
17:57:25  INFO  manager.MyListener - End of find element with 'locator' --->By.cssSelector: [data-test-id="header-member-menu-profile"]
17:57:25  INFO  manager.MyListener - Start find element with 'locator' --->By.xpath: //a[text()='Atlassian profile']
17:57:26  INFO  manager.MyListener - End of find element with 'locator' --->By.xpath: //a[text()='Atlassian profile']
17:57:29  INFO  manager.MyListener - Start find element with 'locator' --->By.cssSelector: [data-test-selector='profile-avatar']
17:57:38  INFO  manager.MyListener - We have a throwable ---> Unable to find element with locator By.cssSelector: [data-test-selector='profile-avatar']
For documentation on this error, please visit: https://selenium.dev/exceptions/#no_such_element
Build info: version: '4.1.2', revision: '9a5a329c5a'
System info: host: 'MacBook-Pro-Taya.local', ip: 'fe80:0:0:0:1460:97c3:c17a:e33a%en0', os.name: 'Mac OS X', os.arch: 'x86_64', os.version: '10.16', java.version: '1.8.0_151'
Driver info: driver.version: EventFiringWebDriver
17:57:38  INFO  manager.MyListener - **************
17:57:38  INFO  manager.MyListener - We have a throwable ---> org.openqa.selenium.NoSuchElementException: Unable to find element with locator By.cssSelector: [data-test-selector='profile-avatar']
For documentation on this error, please visit: https://selenium.dev/exceptions/#no_such_element
Build info: version: '4.1.2', revision: '9a5a329c5a'
System info: host: 'MacBook-Pro-Taya.local', ip: 'fe80:0:0:0:1460:97c3:c17a:e33a%en0', os.name: 'Mac OS X', os.arch: 'x86_64', os.version: '10.16', java.version: '1.8.0_151'
Driver info: driver.version: EventFiringWebDriver
17:57:38  INFO  manager.MyListener - **************
17:57:38  INFO  manager.MyListener - Screen with throwable  ---> src/test/screenshots/screenshot-3458.png
