22:46:55  INFO  manager.MyListener - Start find element with 'locator' --->By.cssSelector: [href='/login']
22:46:55  INFO  manager.MyListener - End of find element with 'locator' --->By.cssSelector: [href='/login']
22:46:55  INFO  manager.MyListener - Start find element with 'locator' --->By.cssSelector: [href='/login']
22:46:55  INFO  manager.MyListener - End of find element with 'locator' --->By.cssSelector: [href='/login']
22:46:55  INFO  manager.MyListener - Start find element with 'locator' --->By.id: user
22:46:59  INFO  manager.MyListener - End of find element with 'locator' --->By.id: user
22:46:59  INFO  manager.MyListener - Start find element with 'locator' --->By.id: login
22:46:59  INFO  manager.MyListener - End of find element with 'locator' --->By.id: login
22:47:01  INFO  manager.MyListener - Start find element with 'locator' --->By.id: password
22:47:02  INFO  manager.MyListener - End of find element with 'locator' --->By.id: password
22:47:02  INFO  manager.MyListener - Start find element with 'locator' --->By.cssSelector: #login-submit
22:47:03  INFO  manager.MyListener - End of find element with 'locator' --->By.cssSelector: #login-submit
22:47:03  INFO  manager.ListenerNg - onTestStart
22:47:03  INFO  manager.ListenerNg - addNewBoardSuccess
22:47:03  INFO  manager.MyListener - Start find element with 'locator' --->By.cssSelector: [data-test-id ='create-board-tile']
22:47:12  INFO  manager.MyListener - End of find element with 'locator' --->By.cssSelector: [data-test-id ='create-board-tile']
22:47:12  INFO  manager.MyListener - Start find element with 'locator' --->By.cssSelector: [data-test-id ='create-board-title-input']
22:47:12  INFO  manager.MyListener - End of find element with 'locator' --->By.cssSelector: [data-test-id ='create-board-title-input']
22:47:13  INFO  manager.MyListener - Start find element with 'locator' --->By.cssSelector: button[title='Green']
22:47:13  INFO  manager.MyListener - End of find element with 'locator' --->By.cssSelector: button[title='Green']
22:47:13  INFO  manager.MyListener - Start find element with 'locator' --->By.cssSelector: [data-test-id='create-board-submit-button']
22:47:13  INFO  manager.MyListener - End of find element with 'locator' --->By.cssSelector: [data-test-id='create-board-submit-button']
22:47:15  INFO  manager.MyListener - Start find element with 'locator' --->By.cssSelector: [aria-label='Back to home']
22:47:15  INFO  manager.MyListener - End of find element with 'locator' --->By.cssSelector: [aria-label='Back to home']
22:47:17  INFO  manager.MyListener - Start find element with 'locator' --->By.cssSelector: div.content-all-boards>div>div:nth-child(2) ul div[title]
22:47:17  INFO  manager.MyListener - End of find element with 'locator' --->By.cssSelector: div.content-all-boards>div>div:nth-child(2) ul div[title]
22:47:17  INFO  manager.ListenerNg - onTestSuccess
22:47:17  INFO  manager.ListenerNg - tests.AddNewBoardTests
22:47:17  INFO  manager.MyListener - Start find element with 'locator' --->By.cssSelector: [href='/login']
22:47:27  INFO  manager.MyListener - End of find element with 'locator' --->By.cssSelector: [href='/login']
22:47:27  INFO  manager.ListenerNg - onTestStart
22:47:27  INFO  manager.ListenerNg - changeAvatarTest
22:47:27  INFO  manager.MyListener - Start find element with 'locator' --->By.cssSelector: [data-test-id='header-member-menu-button']
22:47:27  INFO  manager.MyListener - End of find element with 'locator' --->By.cssSelector: [data-test-id='header-member-menu-button']
22:47:27  INFO  manager.MyListener - Start find element with 'locator' --->By.cssSelector: [data-test-id="header-member-menu-profile"]
22:47:27  INFO  manager.MyListener - End of find element with 'locator' --->By.cssSelector: [data-test-id="header-member-menu-profile"]
22:47:27  INFO  manager.MyListener - Start find element with 'locator' --->By.xpath: //a[text()='Atlassian profile']
22:47:28  INFO  manager.MyListener - End of find element with 'locator' --->By.xpath: //a[text()='Atlassian profile']
22:47:31  INFO  manager.MyListener - Start find element with 'locator' --->By.cssSelector: [data-test-selector='profile-avatar']
22:47:32  INFO  manager.MyListener - End of find element with 'locator' --->By.cssSelector: [data-test-selector='profile-avatar']
22:47:36  INFO  manager.MyListener - Start find element with 'locator' --->By.xpath: //*[text()='Change profile photo']
22:47:36  INFO  manager.MyListener - End of find element with 'locator' --->By.xpath: //*[text()='Change profile photo']
22:47:36  INFO  manager.MyListener - Start find element with 'locator' --->By.cssSelector: #image-input
22:47:36  INFO  manager.MyListener - End of find element with 'locator' --->By.cssSelector: #image-input
22:47:36  INFO  manager.MyListener - Start find element with 'locator' --->By.xpath: //button[.='Upload']
22:47:36  INFO  manager.MyListener - End of find element with 'locator' --->By.xpath: //button[.='Upload']
22:47:38  INFO  manager.MyListener - Start find element with 'locator' --->By.cssSelector: .css-ygd4ga
22:47:48  INFO  manager.MyListener - We have a throwable ---> no such element: Unable to locate element: {"method":"css selector","selector":".css-ygd4ga"}
  (Session info: chrome=99.0.4844.83)
For documentation on this error, please visit: https://www.seleniumhq.org/exceptions/no_such_element.html
Build info: version: '3.141.59', revision: 'e82be7d358', time: '2018-11-14T08:17:03'
System info: host: 'MBP-Taya.lan', ip: 'fe80:0:0:0:1460:97c3:c17a:e33a%en0', os.name: 'Mac OS X', os.arch: 'x86_64', os.version: '10.16', java.version: '1.8.0_151'
Driver info: org.openqa.selenium.chrome.ChromeDriver
Capabilities {acceptInsecureCerts: false, browserName: chrome, browserVersion: 99.0.4844.83, chrome: {chromedriverVersion: 98.0.4758.48 (d869ab3eda606..., userDataDir: /var/folders/s_/hl4vhy0959g...}, goog:chromeOptions: {debuggerAddress: localhost:51589}, javascriptEnabled: true, networkConnectionEnabled: false, pageLoadStrategy: normal, platform: MAC, platformName: MAC, proxy: Proxy(), setWindowRect: true, strictFileInteractability: false, timeouts: {implicit: 0, pageLoad: 300000, script: 30000}, unhandledPromptBehavior: dismiss and notify, webauthn:extension:credBlob: true, webauthn:extension:largeBlob: true, webauthn:virtualAuthenticators: true}
Session ID: 0ad66b4ef6d3db1c5fd78480911bff12
*** Element info: {Using=css selector, value=.css-ygd4ga}
22:47:48  INFO  manager.MyListener - **************
22:47:48  INFO  manager.MyListener - We have a throwable ---> org.openqa.selenium.NoSuchElementException: no such element: Unable to locate element: {"method":"css selector","selector":".css-ygd4ga"}
  (Session info: chrome=99.0.4844.83)
For documentation on this error, please visit: https://www.seleniumhq.org/exceptions/no_such_element.html
Build info: version: '3.141.59', revision: 'e82be7d358', time: '2018-11-14T08:17:03'
System info: host: 'MBP-Taya.lan', ip: 'fe80:0:0:0:1460:97c3:c17a:e33a%en0', os.name: 'Mac OS X', os.arch: 'x86_64', os.version: '10.16', java.version: '1.8.0_151'
Driver info: org.openqa.selenium.chrome.ChromeDriver
Capabilities {acceptInsecureCerts: false, browserName: chrome, browserVersion: 99.0.4844.83, chrome: {chromedriverVersion: 98.0.4758.48 (d869ab3eda606..., userDataDir: /var/folders/s_/hl4vhy0959g...}, goog:chromeOptions: {debuggerAddress: localhost:51589}, javascriptEnabled: true, networkConnectionEnabled: false, pageLoadStrategy: normal, platform: MAC, platformName: MAC, proxy: Proxy(), setWindowRect: true, strictFileInteractability: false, timeouts: {implicit: 0, pageLoad: 300000, script: 30000}, unhandledPromptBehavior: dismiss and notify, webauthn:extension:credBlob: true, webauthn:extension:largeBlob: true, webauthn:virtualAuthenticators: true}
Session ID: 0ad66b4ef6d3db1c5fd78480911bff12
*** Element info: {Using=css selector, value=.css-ygd4ga}
22:47:48  INFO  manager.MyListener - **************
22:47:48  INFO  manager.MyListener - Screen with throwable  ---> src/test/screenshots/screenshot-2868.png
22:47:49  INFO  manager.ListenerNg - onTestFailure
22:47:49  INFO  manager.ListenerNg - org.openqa.selenium.NoSuchElementException: no such element: Unable to locate element: {"method":"css selector","selector":".css-ygd4ga"}
  (Session info: chrome=99.0.4844.83)
For documentation on this error, please visit: https://www.seleniumhq.org/exceptions/no_such_element.html
Build info: version: '3.141.59', revision: 'e82be7d358', time: '2018-11-14T08:17:03'
System info: host: 'MBP-Taya.lan', ip: 'fe80:0:0:0:1460:97c3:c17a:e33a%en0', os.name: 'Mac OS X', os.arch: 'x86_64', os.version: '10.16', java.version: '1.8.0_151'
Driver info: org.openqa.selenium.chrome.ChromeDriver
Capabilities {acceptInsecureCerts: false, browserName: chrome, browserVersion: 99.0.4844.83, chrome: {chromedriverVersion: 98.0.4758.48 (d869ab3eda606..., userDataDir: /var/folders/s_/hl4vhy0959g...}, goog:chromeOptions: {debuggerAddress: localhost:51589}, javascriptEnabled: true, networkConnectionEnabled: false, pageLoadStrategy: normal, platform: MAC, platformName: MAC, proxy: Proxy(), setWindowRect: true, strictFileInteractability: false, timeouts: {implicit: 0, pageLoad: 300000, script: 30000}, unhandledPromptBehavior: dismiss and notify, webauthn:extension:credBlob: true, webauthn:extension:largeBlob: true, webauthn:virtualAuthenticators: true}
Session ID: 0ad66b4ef6d3db1c5fd78480911bff12
*** Element info: {Using=css selector, value=.css-ygd4ga}
22:47:49  INFO  manager.MyListener - Start find element with 'locator' --->By.cssSelector: [href='/login']
22:47:59  INFO  manager.MyListener - End of find element with 'locator' --->By.cssSelector: [href='/login']
22:47:59  INFO  manager.ListenerNg - onTestStart
22:47:59  INFO  manager.ListenerNg - changeAvatarTest2
22:47:59  INFO  manager.MyListener - Start find element with 'locator' --->By.cssSelector: [data-test-id='header-member-menu-button']
22:48:09  INFO  manager.MyListener - We have a throwable ---> no such element: Unable to locate element: {"method":"css selector","selector":"[data-test-id='header-member-menu-button']"}
  (Session info: chrome=99.0.4844.83)
For documentation on this error, please visit: https://www.seleniumhq.org/exceptions/no_such_element.html
Build info: version: '3.141.59', revision: 'e82be7d358', time: '2018-11-14T08:17:03'
System info: host: 'MBP-Taya.lan', ip: 'fe80:0:0:0:1460:97c3:c17a:e33a%en0', os.name: 'Mac OS X', os.arch: 'x86_64', os.version: '10.16', java.version: '1.8.0_151'
Driver info: org.openqa.selenium.chrome.ChromeDriver
Capabilities {acceptInsecureCerts: false, browserName: chrome, browserVersion: 99.0.4844.83, chrome: {chromedriverVersion: 98.0.4758.48 (d869ab3eda606..., userDataDir: /var/folders/s_/hl4vhy0959g...}, goog:chromeOptions: {debuggerAddress: localhost:51589}, javascriptEnabled: true, networkConnectionEnabled: false, pageLoadStrategy: normal, platform: MAC, platformName: MAC, proxy: Proxy(), setWindowRect: true, strictFileInteractability: false, timeouts: {implicit: 0, pageLoad: 300000, script: 30000}, unhandledPromptBehavior: dismiss and notify, webauthn:extension:credBlob: true, webauthn:extension:largeBlob: true, webauthn:virtualAuthenticators: true}
Session ID: 0ad66b4ef6d3db1c5fd78480911bff12
*** Element info: {Using=css selector, value=[data-test-id='header-member-menu-button']}
22:48:09  INFO  manager.MyListener - **************
22:48:09  INFO  manager.MyListener - We have a throwable ---> org.openqa.selenium.NoSuchElementException: no such element: Unable to locate element: {"method":"css selector","selector":"[data-test-id='header-member-menu-button']"}
  (Session info: chrome=99.0.4844.83)
For documentation on this error, please visit: https://www.seleniumhq.org/exceptions/no_such_element.html
Build info: version: '3.141.59', revision: 'e82be7d358', time: '2018-11-14T08:17:03'
System info: host: 'MBP-Taya.lan', ip: 'fe80:0:0:0:1460:97c3:c17a:e33a%en0', os.name: 'Mac OS X', os.arch: 'x86_64', os.version: '10.16', java.version: '1.8.0_151'
Driver info: org.openqa.selenium.chrome.ChromeDriver
Capabilities {acceptInsecureCerts: false, browserName: chrome, browserVersion: 99.0.4844.83, chrome: {chromedriverVersion: 98.0.4758.48 (d869ab3eda606..., userDataDir: /var/folders/s_/hl4vhy0959g...}, goog:chromeOptions: {debuggerAddress: localhost:51589}, javascriptEnabled: true, networkConnectionEnabled: false, pageLoadStrategy: normal, platform: MAC, platformName: MAC, proxy: Proxy(), setWindowRect: true, strictFileInteractability: false, timeouts: {implicit: 0, pageLoad: 300000, script: 30000}, unhandledPromptBehavior: dismiss and notify, webauthn:extension:credBlob: true, webauthn:extension:largeBlob: true, webauthn:virtualAuthenticators: true}
Session ID: 0ad66b4ef6d3db1c5fd78480911bff12
*** Element info: {Using=css selector, value=[data-test-id='header-member-menu-button']}
22:48:09  INFO  manager.MyListener - **************
22:48:09  INFO  manager.MyListener - Screen with throwable  ---> src/test/screenshots/screenshot-2889.png
22:48:09  INFO  manager.ListenerNg - onTestFailure
22:48:09  INFO  manager.ListenerNg - org.openqa.selenium.NoSuchElementException: no such element: Unable to locate element: {"method":"css selector","selector":"[data-test-id='header-member-menu-button']"}
  (Session info: chrome=99.0.4844.83)
For documentation on this error, please visit: https://www.seleniumhq.org/exceptions/no_such_element.html
Build info: version: '3.141.59', revision: 'e82be7d358', time: '2018-11-14T08:17:03'
System info: host: 'MBP-Taya.lan', ip: 'fe80:0:0:0:1460:97c3:c17a:e33a%en0', os.name: 'Mac OS X', os.arch: 'x86_64', os.version: '10.16', java.version: '1.8.0_151'
Driver info: org.openqa.selenium.chrome.ChromeDriver
Capabilities {acceptInsecureCerts: false, browserName: chrome, browserVersion: 99.0.4844.83, chrome: {chromedriverVersion: 98.0.4758.48 (d869ab3eda606..., userDataDir: /var/folders/s_/hl4vhy0959g...}, goog:chromeOptions: {debuggerAddress: localhost:51589}, javascriptEnabled: true, networkConnectionEnabled: false, pageLoadStrategy: normal, platform: MAC, platformName: MAC, proxy: Proxy(), setWindowRect: true, strictFileInteractability: false, timeouts: {implicit: 0, pageLoad: 300000, script: 30000}, unhandledPromptBehavior: dismiss and notify, webauthn:extension:credBlob: true, webauthn:extension:largeBlob: true, webauthn:virtualAuthenticators: true}
Session ID: 0ad66b4ef6d3db1c5fd78480911bff12
*** Element info: {Using=css selector, value=[data-test-id='header-member-menu-button']}
22:48:09  INFO  manager.MyListener - Start find element with 'locator' --->By.cssSelector: [href='/login']
22:48:19  INFO  manager.MyListener - End of find element with 'locator' --->By.cssSelector: [href='/login']
22:48:19  INFO  manager.MyListener - Start find element with 'locator' --->By.cssSelector: .content-all-boards>div>div:nth-child(2) li
22:48:29  INFO  manager.MyListener - End of find element with 'locator' --->By.cssSelector: .content-all-boards>div>div:nth-child(2) li
22:48:29  INFO  manager.MyListener - Start find element with 'locator' --->By.cssSelector: [data-test-id ='create-board-tile']
22:48:39  INFO  manager.MyListener - We have a throwable ---> no such element: Unable to locate element: {"method":"css selector","selector":"[data-test-id ='create-board-tile']"}
  (Session info: chrome=99.0.4844.83)
For documentation on this error, please visit: https://www.seleniumhq.org/exceptions/no_such_element.html
Build info: version: '3.141.59', revision: 'e82be7d358', time: '2018-11-14T08:17:03'
System info: host: 'MBP-Taya.lan', ip: 'fe80:0:0:0:1460:97c3:c17a:e33a%en0', os.name: 'Mac OS X', os.arch: 'x86_64', os.version: '10.16', java.version: '1.8.0_151'
Driver info: org.openqa.selenium.chrome.ChromeDriver
Capabilities {acceptInsecureCerts: false, browserName: chrome, browserVersion: 99.0.4844.83, chrome: {chromedriverVersion: 98.0.4758.48 (d869ab3eda606..., userDataDir: /var/folders/s_/hl4vhy0959g...}, goog:chromeOptions: {debuggerAddress: localhost:51589}, javascriptEnabled: true, networkConnectionEnabled: false, pageLoadStrategy: normal, platform: MAC, platformName: MAC, proxy: Proxy(), setWindowRect: true, strictFileInteractability: false, timeouts: {implicit: 0, pageLoad: 300000, script: 30000}, unhandledPromptBehavior: dismiss and notify, webauthn:extension:credBlob: true, webauthn:extension:largeBlob: true, webauthn:virtualAuthenticators: true}
Session ID: 0ad66b4ef6d3db1c5fd78480911bff12
*** Element info: {Using=css selector, value=[data-test-id ='create-board-tile']}
22:48:39  INFO  manager.MyListener - **************
22:48:39  INFO  manager.MyListener - We have a throwable ---> org.openqa.selenium.NoSuchElementException: no such element: Unable to locate element: {"method":"css selector","selector":"[data-test-id ='create-board-tile']"}
  (Session info: chrome=99.0.4844.83)
For documentation on this error, please visit: https://www.seleniumhq.org/exceptions/no_such_element.html
Build info: version: '3.141.59', revision: 'e82be7d358', time: '2018-11-14T08:17:03'
System info: host: 'MBP-Taya.lan', ip: 'fe80:0:0:0:1460:97c3:c17a:e33a%en0', os.name: 'Mac OS X', os.arch: 'x86_64', os.version: '10.16', java.version: '1.8.0_151'
Driver info: org.openqa.selenium.chrome.ChromeDriver
Capabilities {acceptInsecureCerts: false, browserName: chrome, browserVersion: 99.0.4844.83, chrome: {chromedriverVersion: 98.0.4758.48 (d869ab3eda606..., userDataDir: /var/folders/s_/hl4vhy0959g...}, goog:chromeOptions: {debuggerAddress: localhost:51589}, javascriptEnabled: true, networkConnectionEnabled: false, pageLoadStrategy: normal, platform: MAC, platformName: MAC, proxy: Proxy(), setWindowRect: true, strictFileInteractability: false, timeouts: {implicit: 0, pageLoad: 300000, script: 30000}, unhandledPromptBehavior: dismiss and notify, webauthn:extension:credBlob: true, webauthn:extension:largeBlob: true, webauthn:virtualAuthenticators: true}
Session ID: 0ad66b4ef6d3db1c5fd78480911bff12
*** Element info: {Using=css selector, value=[data-test-id ='create-board-tile']}
22:48:39  INFO  manager.MyListener - **************
22:48:39  INFO  manager.MyListener - Screen with throwable  ---> src/test/screenshots/screenshot-2919.png
22:48:40  INFO  manager.ListenerNg - onTestStart
22:48:40  INFO  manager.ListenerNg - deleteOneBoard
22:48:40  INFO  manager.ListenerNg - onTestSkipped
22:48:40  INFO  manager.ListenerNg - onTestStart
22:48:40  INFO  manager.ListenerNg - startGoogle
22:48:49  INFO  manager.ListenerNg - onTestSuccess
22:48:49  INFO  manager.ListenerNg - tests.GoToGoogle
22:48:49  INFO  manager.MyListener - Start find element with 'locator' --->By.cssSelector: [aria-label='Open member menu']
22:48:59  INFO  manager.MyListener - End of find element with 'locator' --->By.cssSelector: [aria-label='Open member menu']
22:48:59  INFO  manager.ListenerNg - onTestStart
22:48:59  INFO  manager.ListenerNg - loginSuccessNew
22:48:59  INFO  tests.TestBase - Test starts with email :hatum.testing@gmail.comand password :Hatum21$
22:48:59  INFO  manager.MyListener - Start find element with 'locator' --->By.cssSelector: [href='/login']
22:49:09  INFO  manager.MyListener - We have a throwable ---> no such element: Unable to locate element: {"method":"css selector","selector":"[href='/login']"}
  (Session info: chrome=99.0.4844.83)
For documentation on this error, please visit: https://www.seleniumhq.org/exceptions/no_such_element.html
Build info: version: '3.141.59', revision: 'e82be7d358', time: '2018-11-14T08:17:03'
System info: host: 'MBP-Taya.lan', ip: 'fe80:0:0:0:1460:97c3:c17a:e33a%en0', os.name: 'Mac OS X', os.arch: 'x86_64', os.version: '10.16', java.version: '1.8.0_151'
Driver info: org.openqa.selenium.chrome.ChromeDriver
Capabilities {acceptInsecureCerts: false, browserName: chrome, browserVersion: 99.0.4844.83, chrome: {chromedriverVersion: 98.0.4758.48 (d869ab3eda606..., userDataDir: /var/folders/s_/hl4vhy0959g...}, goog:chromeOptions: {debuggerAddress: localhost:51589}, javascriptEnabled: true, networkConnectionEnabled: false, pageLoadStrategy: normal, platform: MAC, platformName: MAC, proxy: Proxy(), setWindowRect: true, strictFileInteractability: false, timeouts: {implicit: 0, pageLoad: 300000, script: 30000}, unhandledPromptBehavior: dismiss and notify, webauthn:extension:credBlob: true, webauthn:extension:largeBlob: true, webauthn:virtualAuthenticators: true}
Session ID: 0ad66b4ef6d3db1c5fd78480911bff12
*** Element info: {Using=css selector, value=[href='/login']}
22:49:09  INFO  manager.MyListener - **************
22:49:09  INFO  manager.MyListener - We have a throwable ---> org.openqa.selenium.NoSuchElementException: no such element: Unable to locate element: {"method":"css selector","selector":"[href='/login']"}
  (Session info: chrome=99.0.4844.83)
For documentation on this error, please visit: https://www.seleniumhq.org/exceptions/no_such_element.html
Build info: version: '3.141.59', revision: 'e82be7d358', time: '2018-11-14T08:17:03'
System info: host: 'MBP-Taya.lan', ip: 'fe80:0:0:0:1460:97c3:c17a:e33a%en0', os.name: 'Mac OS X', os.arch: 'x86_64', os.version: '10.16', java.version: '1.8.0_151'
Driver info: org.openqa.selenium.chrome.ChromeDriver
Capabilities {acceptInsecureCerts: false, browserName: chrome, browserVersion: 99.0.4844.83, chrome: {chromedriverVersion: 98.0.4758.48 (d869ab3eda606..., userDataDir: /var/folders/s_/hl4vhy0959g...}, goog:chromeOptions: {debuggerAddress: localhost:51589}, javascriptEnabled: true, networkConnectionEnabled: false, pageLoadStrategy: normal, platform: MAC, platformName: MAC, proxy: Proxy(), setWindowRect: true, strictFileInteractability: false, timeouts: {implicit: 0, pageLoad: 300000, script: 30000}, unhandledPromptBehavior: dismiss and notify, webauthn:extension:credBlob: true, webauthn:extension:largeBlob: true, webauthn:virtualAuthenticators: true}
Session ID: 0ad66b4ef6d3db1c5fd78480911bff12
*** Element info: {Using=css selector, value=[href='/login']}
22:49:09  INFO  manager.MyListener - **************
22:49:09  INFO  manager.MyListener - Screen with throwable  ---> src/test/screenshots/screenshot-2949.png
22:49:10  INFO  manager.ListenerNg - onTestFailure
22:49:10  INFO  manager.ListenerNg - org.openqa.selenium.NoSuchElementException: no such element: Unable to locate element: {"method":"css selector","selector":"[href='/login']"}
  (Session info: chrome=99.0.4844.83)
For documentation on this error, please visit: https://www.seleniumhq.org/exceptions/no_such_element.html
Build info: version: '3.141.59', revision: 'e82be7d358', time: '2018-11-14T08:17:03'
System info: host: 'MBP-Taya.lan', ip: 'fe80:0:0:0:1460:97c3:c17a:e33a%en0', os.name: 'Mac OS X', os.arch: 'x86_64', os.version: '10.16', java.version: '1.8.0_151'
Driver info: org.openqa.selenium.chrome.ChromeDriver
Capabilities {acceptInsecureCerts: false, browserName: chrome, browserVersion: 99.0.4844.83, chrome: {chromedriverVersion: 98.0.4758.48 (d869ab3eda606..., userDataDir: /var/folders/s_/hl4vhy0959g...}, goog:chromeOptions: {debuggerAddress: localhost:51589}, javascriptEnabled: true, networkConnectionEnabled: false, pageLoadStrategy: normal, platform: MAC, platformName: MAC, proxy: Proxy(), setWindowRect: true, strictFileInteractability: false, timeouts: {implicit: 0, pageLoad: 300000, script: 30000}, unhandledPromptBehavior: dismiss and notify, webauthn:extension:credBlob: true, webauthn:extension:largeBlob: true, webauthn:virtualAuthenticators: true}
Session ID: 0ad66b4ef6d3db1c5fd78480911bff12
*** Element info: {Using=css selector, value=[href='/login']}
22:49:10  INFO  manager.MyListener - Start find element with 'locator' --->By.cssSelector: [aria-label='Open member menu']
22:49:20  INFO  manager.MyListener - End of find element with 'locator' --->By.cssSelector: [aria-label='Open member menu']
22:49:20  INFO  manager.ListenerNg - onTestStart
22:49:20  INFO  manager.ListenerNg - loginSuccessNew
22:49:20  INFO  tests.TestBase - Test starts with email :hatum.testing@gmail.comand password :Hatum21$
22:49:20  INFO  manager.MyListener - Start find element with 'locator' --->By.cssSelector: [href='/login']
