19:01:35  INFO  manager.MyListener - Start find element with 'locator' --->By.cssSelector: [href='/login']
19:01:35  INFO  manager.MyListener - End of find element with 'locator' --->By.cssSelector: [href='/login']
19:01:35  INFO  manager.MyListener - Start find element with 'locator' --->By.cssSelector: [href='/login']
19:01:35  INFO  manager.MyListener - End of find element with 'locator' --->By.cssSelector: [href='/login']
19:01:35  INFO  manager.MyListener - Start find element with 'locator' --->By.cssSelector: [href='/login']
19:01:35  INFO  manager.MyListener - End of find element with 'locator' --->By.cssSelector: [href='/login']
19:01:35  INFO  manager.MyListener - Start find element with 'locator' --->By.id: user
19:01:36  INFO  manager.MyListener - End of find element with 'locator' --->By.id: user
19:01:37  INFO  manager.MyListener - Start find element with 'locator' --->By.id: login
19:01:37  INFO  manager.MyListener - End of find element with 'locator' --->By.id: login
19:01:39  INFO  manager.MyListener - Start find element with 'locator' --->By.id: password
19:01:40  INFO  manager.MyListener - End of find element with 'locator' --->By.id: password
19:01:40  INFO  manager.MyListener - Start find element with 'locator' --->By.cssSelector: #login-submit
19:01:40  INFO  manager.MyListener - End of find element with 'locator' --->By.cssSelector: #login-submit
19:01:40  INFO  manager.MyListener - Start find element with 'locator' --->By.cssSelector: .content-all-boards>div>div:nth-child(2) li
19:01:47  INFO  manager.MyListener - End of find element with 'locator' --->By.cssSelector: .content-all-boards>div>div:nth-child(2) li
19:01:47  INFO  manager.MyListener - Start find element with 'locator' --->By.cssSelector: [data-test-id ='create-board-tile']
19:01:47  INFO  manager.MyListener - End of find element with 'locator' --->By.cssSelector: [data-test-id ='create-board-tile']
19:01:48  INFO  manager.MyListener - Start find element with 'locator' --->By.cssSelector: [data-test-id ='create-board-title-input']
19:01:48  INFO  manager.MyListener - End of find element with 'locator' --->By.cssSelector: [data-test-id ='create-board-title-input']
19:01:49  INFO  manager.MyListener - Start find element with 'locator' --->By.cssSelector: button[title='Green']
19:01:49  INFO  manager.MyListener - End of find element with 'locator' --->By.cssSelector: button[title='Green']
19:01:49  INFO  manager.MyListener - Start find element with 'locator' --->By.cssSelector: [data-test-id='create-board-submit-button']
19:01:49  INFO  manager.MyListener - End of find element with 'locator' --->By.cssSelector: [data-test-id='create-board-submit-button']
19:01:51  INFO  manager.MyListener - Start find element with 'locator' --->By.cssSelector: [aria-label='Back to home']
19:01:52  INFO  manager.MyListener - End of find element with 'locator' --->By.cssSelector: [aria-label='Back to home']
19:01:57  INFO  manager.MyListener - Start find element with 'locator' --->By.cssSelector: .board-tile-details
19:01:57  INFO  manager.MyListener - End of find element with 'locator' --->By.cssSelector: .board-tile-details
19:01:58  INFO  manager.MyListener - Start find element with 'locator' --->By.cssSelector: .js-show-sidebar
19:01:59  INFO  manager.MyListener - End of find element with 'locator' --->By.cssSelector: .js-show-sidebar
19:01:59  INFO  manager.MyListener - Start find element with 'locator' --->By.cssSelector: .js-open-more
19:01:59  INFO  manager.MyListener - End of find element with 'locator' --->By.cssSelector: .js-open-more
19:01:59  INFO  manager.MyListener - Start find element with 'locator' --->By.cssSelector: js-close-board
19:02:09  INFO  manager.MyListener - We have a throwable ---> no such element: Unable to locate element: {"method":"css selector","selector":"js-close-board"}
  (Session info: chrome=99.0.4844.51)
For documentation on this error, please visit: http://seleniumhq.org/exceptions/no_such_element.html
Build info: version: '3.141.5', revision: 'd54ebd709a', time: '2018-11-06T11:42:16'
System info: host: 'MacBook-Pro-Taya.local', ip: '192.168.0.103', os.name: 'Mac OS X', os.arch: 'x86_64', os.version: '10.16', java.version: '1.8.0_151'
Driver info: org.openqa.selenium.chrome.ChromeDriver
Capabilities {acceptInsecureCerts: false, browserName: chrome, browserVersion: 99.0.4844.51, chrome: {chromedriverVersion: 98.0.4758.48 (d869ab3eda606..., userDataDir: /var/folders/s_/hl4vhy0959g...}, goog:chromeOptions: {debuggerAddress: localhost:52384}, javascriptEnabled: true, networkConnectionEnabled: false, pageLoadStrategy: normal, platform: MAC, platformName: MAC, proxy: Proxy(), setWindowRect: true, strictFileInteractability: false, timeouts: {implicit: 0, pageLoad: 300000, script: 30000}, unhandledPromptBehavior: dismiss and notify, webauthn:extension:credBlob: true, webauthn:extension:largeBlob: true, webauthn:virtualAuthenticators: true}
Session ID: 063881a58771969cbdee219a7c86591a
*** Element info: {Using=css selector, value=js-close-board}
19:02:09  INFO  manager.MyListener - **************
19:02:09  INFO  manager.MyListener - We have a throwable ---> org.openqa.selenium.NoSuchElementException: no such element: Unable to locate element: {"method":"css selector","selector":"js-close-board"}
  (Session info: chrome=99.0.4844.51)
For documentation on this error, please visit: http://seleniumhq.org/exceptions/no_such_element.html
Build info: version: '3.141.5', revision: 'd54ebd709a', time: '2018-11-06T11:42:16'
System info: host: 'MacBook-Pro-Taya.local', ip: '192.168.0.103', os.name: 'Mac OS X', os.arch: 'x86_64', os.version: '10.16', java.version: '1.8.0_151'
Driver info: org.openqa.selenium.chrome.ChromeDriver
Capabilities {acceptInsecureCerts: false, browserName: chrome, browserVersion: 99.0.4844.51, chrome: {chromedriverVersion: 98.0.4758.48 (d869ab3eda606..., userDataDir: /var/folders/s_/hl4vhy0959g...}, goog:chromeOptions: {debuggerAddress: localhost:52384}, javascriptEnabled: true, networkConnectionEnabled: false, pageLoadStrategy: normal, platform: MAC, platformName: MAC, proxy: Proxy(), setWindowRect: true, strictFileInteractability: false, timeouts: {implicit: 0, pageLoad: 300000, script: 30000}, unhandledPromptBehavior: dismiss and notify, webauthn:extension:credBlob: true, webauthn:extension:largeBlob: true, webauthn:virtualAuthenticators: true}
Session ID: 063881a58771969cbdee219a7c86591a
*** Element info: {Using=css selector, value=js-close-board}
19:02:09  INFO  manager.MyListener - **************
19:02:09  INFO  manager.MyListener - Screen with throwable  ---> src/test/screenshots/screenshot-129.png
