18:40:43  INFO  manager.MyListener - Start find element with 'locator' --->By.cssSelector: [href='/login']
18:40:43  INFO  manager.MyListener - End of find element with 'locator' --->By.cssSelector: [href='/login']
18:40:43  INFO  manager.MyListener - Start find element with 'locator' --->By.cssSelector: [href='/login']
18:40:43  INFO  manager.MyListener - End of find element with 'locator' --->By.cssSelector: [href='/login']
18:40:43  INFO  manager.MyListener - Start find element with 'locator' --->By.id: user
18:40:45  INFO  manager.MyListener - End of find element with 'locator' --->By.id: user
18:40:45  INFO  manager.MyListener - Start find element with 'locator' --->By.id: login
18:40:45  INFO  manager.MyListener - End of find element with 'locator' --->By.id: login
18:40:47  INFO  manager.MyListener - Start find element with 'locator' --->By.id: password
18:40:48  INFO  manager.MyListener - End of find element with 'locator' --->By.id: password
18:40:49  INFO  manager.MyListener - Start find element with 'locator' --->By.cssSelector: #login-submit
18:40:49  INFO  manager.MyListener - End of find element with 'locator' --->By.cssSelector: #login-submit
18:40:49  INFO  manager.MyListener - Start find element with 'locator' --->By.cssSelector: [data-test-id='header-member-menu-button']
18:40:57  INFO  manager.MyListener - End of find element with 'locator' --->By.cssSelector: [data-test-id='header-member-menu-button']
18:40:58  INFO  manager.MyListener - Start find element with 'locator' --->By.cssSelector: [data-test-id="header-member-menu-profile"]
18:40:58  INFO  manager.MyListener - End of find element with 'locator' --->By.cssSelector: [data-test-id="header-member-menu-profile"]
18:40:58  INFO  manager.MyListener - Start find element with 'locator' --->By.xpath: //a[text()='Atlassian profile']
18:40:59  INFO  manager.MyListener - End of find element with 'locator' --->By.xpath: //a[text()='Atlassian profile']
18:41:03  INFO  manager.MyListener - Start find element with 'locator' --->By.cssSelector: [data-test-selector='profile-avatar']
18:41:05  INFO  manager.MyListener - End of find element with 'locator' --->By.cssSelector: [data-test-selector='profile-avatar']
18:41:08  INFO  manager.MyListener - Start find element with 'locator' --->By.xpath: //*[text()='Change profile photo']
18:41:08  INFO  manager.MyListener - End of find element with 'locator' --->By.xpath: //*[text()='Change profile photo']
18:41:08  INFO  manager.MyListener - Start find element with 'locator' --->By.cssSelector: #image-input
18:41:09  INFO  manager.MyListener - End of find element with 'locator' --->By.cssSelector: #image-input
18:41:09  INFO  manager.MyListener - Start find element with 'locator' --->By.xpath: //button[.='Upload']
18:41:09  INFO  manager.MyListener - End of find element with 'locator' --->By.xpath: //button[.='Upload']
18:41:10  INFO  manager.MyListener - Start find element with 'locator' --->By.cssSelector: .css-ygd4ga
18:41:11  INFO  manager.MyListener - End of find element with 'locator' --->By.cssSelector: .css-ygd4ga
18:41:11  INFO  manager.MyListener - Start find element with 'locator' --->By.xpath: //span[text()='Avatar added']
18:41:11  INFO  manager.MyListener - End of find element with 'locator' --->By.xpath: //span[text()='Avatar added']
