19:59:55  INFO  manager.MyListener - Start find element with 'locator' --->By.cssSelector: [href='/login']
19:59:55  INFO  manager.MyListener - End of find element with 'locator' --->By.cssSelector: [href='/login']
19:59:55  INFO  manager.MyListener - Start find element with 'locator' --->By.cssSelector: [href='/login']
19:59:55  INFO  manager.MyListener - End of find element with 'locator' --->By.cssSelector: [href='/login']
19:59:55  INFO  manager.MyListener - Start find element with 'locator' --->By.id: user
19:59:57  INFO  manager.MyListener - End of find element with 'locator' --->By.id: user
19:59:57  INFO  manager.MyListener - Start find element with 'locator' --->By.id: login
19:59:57  INFO  manager.MyListener - End of find element with 'locator' --->By.id: login
19:59:59  INFO  manager.MyListener - Start find element with 'locator' --->By.id: password
20:00:01  INFO  manager.MyListener - End of find element with 'locator' --->By.id: password
20:00:01  INFO  manager.MyListener - Start find element with 'locator' --->By.cssSelector: #login-submit
20:00:01  INFO  manager.MyListener - End of find element with 'locator' --->By.cssSelector: #login-submit
20:00:01  INFO  manager.MyListener - Start find element with 'locator' --->By.cssSelector: [data-test-id='header-member-menu-button']
20:00:11  INFO  manager.MyListener - End of find element with 'locator' --->By.cssSelector: [data-test-id='header-member-menu-button']
20:00:11  INFO  manager.MyListener - Start find element with 'locator' --->By.cssSelector: [data-test-id="header-member-menu-profile"]
20:00:11  INFO  manager.MyListener - End of find element with 'locator' --->By.cssSelector: [data-test-id="header-member-menu-profile"]
20:00:12  INFO  manager.MyListener - Start find element with 'locator' --->By.xpath: //a[text()='Atlassian profile']
20:00:13  INFO  manager.MyListener - End of find element with 'locator' --->By.xpath: //a[text()='Atlassian profile']
20:00:17  INFO  manager.MyListener - Start find element with 'locator' --->By.cssSelector: [data-test-selector='profile-avatar']
20:00:20  INFO  manager.MyListener - End of find element with 'locator' --->By.cssSelector: [data-test-selector='profile-avatar']
20:00:23  INFO  manager.MyListener - Start find element with 'locator' --->By.xpath: //*[text()='Change profile photo']
20:00:23  INFO  manager.MyListener - End of find element with 'locator' --->By.xpath: //*[text()='Change profile photo']
20:00:24  INFO  manager.MyListener - Start find element with 'locator' --->By.cssSelector: #image-input
20:00:24  INFO  manager.MyListener - End of find element with 'locator' --->By.cssSelector: #image-input
20:00:24  INFO  manager.MyListener - Start find element with 'locator' --->By.xpath: //button[.='Upload']
20:00:24  INFO  manager.MyListener - End of find element with 'locator' --->By.xpath: //button[.='Upload']
