18:12:50  INFO  manager.MyListener - Start find element with 'locator' --->By.cssSelector: [aria-label='Open member menu']
18:13:00  INFO  manager.MyListener - End of find element with 'locator' --->By.cssSelector: [aria-label='Open member menu']
18:13:00  INFO  manager.MyListener - Start find element with 'locator' --->By.cssSelector: [href='/login']
18:13:00  INFO  manager.MyListener - End of find element with 'locator' --->By.cssSelector: [href='/login']
18:13:00  INFO  manager.MyListener - Start find element with 'locator' --->By.cssSelector: [href='/login']
18:13:00  INFO  manager.MyListener - End of find element with 'locator' --->By.cssSelector: [href='/login']
18:13:01  INFO  manager.MyListener - Start find element with 'locator' --->By.id: user
18:13:01  INFO  manager.MyListener - End of find element with 'locator' --->By.id: user
18:13:01  INFO  manager.MyListener - We have a throwable ---> Element <input id="user" class="form-field" name="user" type="text"> could not be scrolled into view
Build info: version: '4.1.2', revision: '9a5a329c5a'
System info: host: 'MacBook-Pro-Taya.local', ip: 'fe80:0:0:0:1460:97c3:c17a:e33a%en0', os.name: 'Mac OS X', os.arch: 'x86_64', os.version: '10.16', java.version: '1.8.0_151'
Driver info: org.openqa.selenium.firefox.FirefoxDriver
Command: [1af04ed5-4154-4e00-8197-8f6179c16826, clickElement {id=de02f57d-e7e3-476c-aaf9-d90d4cdf2f9e}]
Capabilities {acceptInsecureCerts: true, browserName: firefox, browserVersion: 98.0.1, javascriptEnabled: true, moz:accessibilityChecks: false, moz:buildID: 20220313140707, moz:debuggerAddress: localhost:63443, moz:geckodriverVersion: 0.30.0, moz:headless: false, moz:processID: 1971, moz:profile: /var/folders/s_/hl4vhy0959g..., moz:shutdownTimeout: 60000, moz:useNonSpecCompliantPointerOrigin: false, moz:webdriverClick: true, pageLoadStrategy: normal, platform: MAC, platformName: MAC, platformVersion: 20.6.0, proxy: Proxy(), se:cdp: ws://localhost:63443/devtoo..., se:cdpVersion: 85.0, setWindowRect: true, strictFileInteractability: false, timeouts: {implicit: 0, pageLoad: 300000, script: 30000}, unhandledPromptBehavior: dismiss and notify}
Element: [[FirefoxDriver: firefox on MAC (1af04ed5-4154-4e00-8197-8f6179c16826)] -> id: user]
Session ID: 1af04ed5-4154-4e00-8197-8f6179c16826
18:13:01  INFO  manager.MyListener - **************
18:13:01  INFO  manager.MyListener - We have a throwable ---> org.openqa.selenium.ElementNotInteractableException: Element <input id="user" class="form-field" name="user" type="text"> could not be scrolled into view
Build info: version: '4.1.2', revision: '9a5a329c5a'
System info: host: 'MacBook-Pro-Taya.local', ip: 'fe80:0:0:0:1460:97c3:c17a:e33a%en0', os.name: 'Mac OS X', os.arch: 'x86_64', os.version: '10.16', java.version: '1.8.0_151'
Driver info: org.openqa.selenium.firefox.FirefoxDriver
Command: [1af04ed5-4154-4e00-8197-8f6179c16826, clickElement {id=de02f57d-e7e3-476c-aaf9-d90d4cdf2f9e}]
Capabilities {acceptInsecureCerts: true, browserName: firefox, browserVersion: 98.0.1, javascriptEnabled: true, moz:accessibilityChecks: false, moz:buildID: 20220313140707, moz:debuggerAddress: localhost:63443, moz:geckodriverVersion: 0.30.0, moz:headless: false, moz:processID: 1971, moz:profile: /var/folders/s_/hl4vhy0959g..., moz:shutdownTimeout: 60000, moz:useNonSpecCompliantPointerOrigin: false, moz:webdriverClick: true, pageLoadStrategy: normal, platform: MAC, platformName: MAC, platformVersion: 20.6.0, proxy: Proxy(), se:cdp: ws://localhost:63443/devtoo..., se:cdpVersion: 85.0, setWindowRect: true, strictFileInteractability: false, timeouts: {implicit: 0, pageLoad: 300000, script: 30000}, unhandledPromptBehavior: dismiss and notify}
Element: [[FirefoxDriver: firefox on MAC (1af04ed5-4154-4e00-8197-8f6179c16826)] -> id: user]
Session ID: 1af04ed5-4154-4e00-8197-8f6179c16826
18:13:01  INFO  manager.MyListener - **************
18:13:01  INFO  manager.MyListener - Screen with throwable  ---> src/test/screenshots/screenshot-781.png
18:13:02  INFO  manager.MyListener - Start find element with 'locator' --->By.cssSelector: [aria-label='Open member menu']
18:13:12  INFO  manager.MyListener - End of find element with 'locator' --->By.cssSelector: [aria-label='Open member menu']
18:13:12  INFO  manager.MyListener - Start find element with 'locator' --->By.cssSelector: [href='/login']
18:13:12  INFO  manager.MyListener - End of find element with 'locator' --->By.cssSelector: [href='/login']
18:13:12  INFO  manager.MyListener - Start find element with 'locator' --->By.id: user
18:13:12  INFO  manager.MyListener - End of find element with 'locator' --->By.id: user
18:13:14  INFO  manager.MyListener - Start find element with 'locator' --->By.id: login
18:13:14  INFO  manager.MyListener - End of find element with 'locator' --->By.id: login
18:13:18  INFO  manager.MyListener - Start find element with 'locator' --->By.id: password
18:13:18  INFO  manager.MyListener - End of find element with 'locator' --->By.id: password
18:13:19  INFO  manager.MyListener - Start find element with 'locator' --->By.cssSelector: #login-submit
18:13:19  INFO  manager.MyListener - End of find element with 'locator' --->By.cssSelector: #login-submit
18:13:19  INFO  manager.MyListener - Start find element with 'locator' --->By.cssSelector: [aria-label='Open member menu']
18:13:24  INFO  manager.MyListener - End of find element with 'locator' --->By.cssSelector: [aria-label='Open member menu']
18:13:24  INFO  manager.MyListener - Start find element with 'locator' --->By.cssSelector: [href='/login']
18:13:34  INFO  manager.MyListener - We have a throwable ---> Unable to locate element: [href='/login']
For documentation on this error, please visit: https://selenium.dev/exceptions/#no_such_element
Build info: version: '4.1.2', revision: '9a5a329c5a'
System info: host: 'MacBook-Pro-Taya.local', ip: 'fe80:0:0:0:1460:97c3:c17a:e33a%en0', os.name: 'Mac OS X', os.arch: 'x86_64', os.version: '10.16', java.version: '1.8.0_151'
Driver info: org.openqa.selenium.firefox.FirefoxDriver
Command: [1af04ed5-4154-4e00-8197-8f6179c16826, findElement {using=css selector, value=[href='/login']}]
Capabilities {acceptInsecureCerts: true, browserName: firefox, browserVersion: 98.0.1, javascriptEnabled: true, moz:accessibilityChecks: false, moz:buildID: 20220313140707, moz:debuggerAddress: localhost:63443, moz:geckodriverVersion: 0.30.0, moz:headless: false, moz:processID: 1971, moz:profile: /var/folders/s_/hl4vhy0959g..., moz:shutdownTimeout: 60000, moz:useNonSpecCompliantPointerOrigin: false, moz:webdriverClick: true, pageLoadStrategy: normal, platform: MAC, platformName: MAC, platformVersion: 20.6.0, proxy: Proxy(), se:cdp: ws://localhost:63443/devtoo..., se:cdpVersion: 85.0, setWindowRect: true, strictFileInteractability: false, timeouts: {implicit: 0, pageLoad: 300000, script: 30000}, unhandledPromptBehavior: dismiss and notify}
Session ID: 1af04ed5-4154-4e00-8197-8f6179c16826
18:13:34  INFO  manager.MyListener - **************
18:13:34  INFO  manager.MyListener - We have a throwable ---> org.openqa.selenium.NoSuchElementException: Unable to locate element: [href='/login']
For documentation on this error, please visit: https://selenium.dev/exceptions/#no_such_element
Build info: version: '4.1.2', revision: '9a5a329c5a'
System info: host: 'MacBook-Pro-Taya.local', ip: 'fe80:0:0:0:1460:97c3:c17a:e33a%en0', os.name: 'Mac OS X', os.arch: 'x86_64', os.version: '10.16', java.version: '1.8.0_151'
Driver info: org.openqa.selenium.firefox.FirefoxDriver
Command: [1af04ed5-4154-4e00-8197-8f6179c16826, findElement {using=css selector, value=[href='/login']}]
Capabilities {acceptInsecureCerts: true, browserName: firefox, browserVersion: 98.0.1, javascriptEnabled: true, moz:accessibilityChecks: false, moz:buildID: 20220313140707, moz:debuggerAddress: localhost:63443, moz:geckodriverVersion: 0.30.0, moz:headless: false, moz:processID: 1971, moz:profile: /var/folders/s_/hl4vhy0959g..., moz:shutdownTimeout: 60000, moz:useNonSpecCompliantPointerOrigin: false, moz:webdriverClick: true, pageLoadStrategy: normal, platform: MAC, platformName: MAC, platformVersion: 20.6.0, proxy: Proxy(), se:cdp: ws://localhost:63443/devtoo..., se:cdpVersion: 85.0, setWindowRect: true, strictFileInteractability: false, timeouts: {implicit: 0, pageLoad: 300000, script: 30000}, unhandledPromptBehavior: dismiss and notify}
Session ID: 1af04ed5-4154-4e00-8197-8f6179c16826
18:13:34  INFO  manager.MyListener - **************
18:13:34  INFO  manager.MyListener - Screen with throwable  ---> src/test/screenshots/screenshot-814.png
