18:52:12  INFO  manager.MyListener - Start find element with 'locator' --->By.cssSelector: [href='/login']
18:52:12  INFO  manager.MyListener - End of find element with 'locator' --->By.cssSelector: [href='/login']
18:52:12  INFO  manager.MyListener - Start find element with 'locator' --->By.cssSelector: [href='/login']
18:52:12  INFO  manager.MyListener - End of find element with 'locator' --->By.cssSelector: [href='/login']
18:52:12  INFO  manager.MyListener - Start find element with 'locator' --->By.cssSelector: [href='/login']
18:52:12  INFO  manager.MyListener - End of find element with 'locator' --->By.cssSelector: [href='/login']
18:52:13  INFO  manager.MyListener - Start find element with 'locator' --->By.id: user
18:52:14  INFO  manager.MyListener - End of find element with 'locator' --->By.id: user
18:52:14  INFO  manager.MyListener - Start find element with 'locator' --->By.id: login
18:52:14  INFO  manager.MyListener - End of find element with 'locator' --->By.id: login
18:52:17  INFO  manager.MyListener - Start find element with 'locator' --->By.id: password
18:52:18  INFO  manager.MyListener - End of find element with 'locator' --->By.id: password
18:52:18  INFO  manager.MyListener - Start find element with 'locator' --->By.cssSelector: #login-submit
18:52:18  INFO  manager.MyListener - End of find element with 'locator' --->By.cssSelector: #login-submit
18:52:18  INFO  manager.MyListener - Start find element with 'locator' --->By.cssSelector: [data-test-id='header-member-menu-button']
18:52:26  INFO  manager.MyListener - End of find element with 'locator' --->By.cssSelector: [data-test-id='header-member-menu-button']
18:52:26  INFO  manager.MyListener - Start find element with 'locator' --->By.cssSelector: [data-test-id="header-member-menu-profile"]
18:52:26  INFO  manager.MyListener - End of find element with 'locator' --->By.cssSelector: [data-test-id="header-member-menu-profile"]
18:52:26  INFO  manager.MyListener - Start find element with 'locator' --->By.xpath: //a[text()='Atlassian profile']
18:52:27  INFO  manager.MyListener - End of find element with 'locator' --->By.xpath: //a[text()='Atlassian profile']
18:52:31  INFO  manager.MyListener - Start find element with 'locator' --->By.cssSelector: [data-test-selector='profile-avatar']
18:52:32  INFO  manager.MyListener - End of find element with 'locator' --->By.cssSelector: [data-test-selector='profile-avatar']
18:52:36  INFO  manager.MyListener - Start find element with 'locator' --->By.xpath: //*[text()='Change profile photo']
18:52:36  INFO  manager.MyListener - End of find element with 'locator' --->By.xpath: //*[text()='Change profile photo']
18:52:36  INFO  manager.MyListener - Start find element with 'locator' --->By.cssSelector: #image-input
18:52:36  INFO  manager.MyListener - End of find element with 'locator' --->By.cssSelector: #image-input
18:52:36  INFO  manager.MyListener - Start find element with 'locator' --->By.xpath: //button[.='Upload']
18:52:36  INFO  manager.MyListener - End of find element with 'locator' --->By.xpath: //button[.='Upload']
18:52:37  INFO  manager.MyListener - Start find element with 'locator' --->By.cssSelector: .css-ygd4ga
18:52:38  INFO  manager.MyListener - End of find element with 'locator' --->By.cssSelector: .css-ygd4ga
18:52:38  INFO  manager.MyListener - Start find element with 'locator' --->By.xpath: //span[text()='Avatar added']
18:52:38  INFO  manager.MyListener - End of find element with 'locator' --->By.xpath: //span[text()='Avatar added']
18:52:38  INFO  manager.MyListener - Start find element with 'locator' --->By.cssSelector: [href='/login']
18:52:48  INFO  manager.MyListener - End of find element with 'locator' --->By.cssSelector: [href='/login']
18:52:48  INFO  manager.MyListener - Start find element with 'locator' --->By.cssSelector: [data-test-id='header-member-menu-button']
18:52:48  INFO  manager.MyListener - End of find element with 'locator' --->By.cssSelector: [data-test-id='header-member-menu-button']
18:52:49  INFO  manager.MyListener - Start find element with 'locator' --->By.cssSelector: [data-test-id="header-member-menu-profile"]
18:52:49  INFO  manager.MyListener - End of find element with 'locator' --->By.cssSelector: [data-test-id="header-member-menu-profile"]
18:52:49  INFO  manager.MyListener - Start find element with 'locator' --->By.xpath: //a[text()='Atlassian profile']
18:52:49  INFO  manager.MyListener - End of find element with 'locator' --->By.xpath: //a[text()='Atlassian profile']
18:52:52  INFO  manager.MyListener - Start find element with 'locator' --->By.cssSelector: [data-test-selector='profile-avatar']
18:52:52  INFO  manager.MyListener - End of find element with 'locator' --->By.cssSelector: [data-test-selector='profile-avatar']
18:52:55  INFO  manager.MyListener - Start find element with 'locator' --->By.xpath: //*[text()='Change profile photo']
18:52:55  INFO  manager.MyListener - End of find element with 'locator' --->By.xpath: //*[text()='Change profile photo']
18:52:56  INFO  manager.MyListener - Start find element with 'locator' --->By.cssSelector: #image-input
18:52:56  INFO  manager.MyListener - End of find element with 'locator' --->By.cssSelector: #image-input
18:52:56  INFO  manager.MyListener - We have a throwable ---> invalid argument: File not found : /Users/tayahatum/Qa11Haifa/Qa11_Haifa_Trello_v.0.0.1/qa.jpeg
  (Session info: chrome=98.0.4758.109)
Build info: version: '3.141.5', revision: 'd54ebd709a', time: '2018-11-06T11:42:16'
System info: host: 'MacBook-Pro-Taya.local', ip: 'fe80:0:0:0:1c75:f679:4601:9de5%en0', os.name: 'Mac OS X', os.arch: 'x86_64', os.version: '10.16', java.version: '1.8.0_151'
Driver info: org.openqa.selenium.chrome.ChromeDriver
Capabilities {acceptInsecureCerts: false, browserName: chrome, browserVersion: 98.0.4758.109, chrome: {chromedriverVersion: 98.0.4758.48 (d869ab3eda606..., userDataDir: /var/folders/s_/hl4vhy0959g...}, goog:chromeOptions: {debuggerAddress: localhost:56422}, javascriptEnabled: true, networkConnectionEnabled: false, pageLoadStrategy: normal, platform: MAC, platformName: MAC, proxy: Proxy(), setWindowRect: true, strictFileInteractability: false, timeouts: {implicit: 0, pageLoad: 300000, script: 30000}, unhandledPromptBehavior: dismiss and notify, webauthn:extension:credBlob: true, webauthn:extension:largeBlob: true, webauthn:virtualAuthenticators: true}
Session ID: e497cb6ca2337db202095bd12143c48f
18:52:56  INFO  manager.MyListener - **************
18:52:56  INFO  manager.MyListener - We have a throwable ---> org.openqa.selenium.InvalidArgumentException: invalid argument: File not found : /Users/tayahatum/Qa11Haifa/Qa11_Haifa_Trello_v.0.0.1/qa.jpeg
  (Session info: chrome=98.0.4758.109)
Build info: version: '3.141.5', revision: 'd54ebd709a', time: '2018-11-06T11:42:16'
System info: host: 'MacBook-Pro-Taya.local', ip: 'fe80:0:0:0:1c75:f679:4601:9de5%en0', os.name: 'Mac OS X', os.arch: 'x86_64', os.version: '10.16', java.version: '1.8.0_151'
Driver info: org.openqa.selenium.chrome.ChromeDriver
Capabilities {acceptInsecureCerts: false, browserName: chrome, browserVersion: 98.0.4758.109, chrome: {chromedriverVersion: 98.0.4758.48 (d869ab3eda606..., userDataDir: /var/folders/s_/hl4vhy0959g...}, goog:chromeOptions: {debuggerAddress: localhost:56422}, javascriptEnabled: true, networkConnectionEnabled: false, pageLoadStrategy: normal, platform: MAC, platformName: MAC, proxy: Proxy(), setWindowRect: true, strictFileInteractability: false, timeouts: {implicit: 0, pageLoad: 300000, script: 30000}, unhandledPromptBehavior: dismiss and notify, webauthn:extension:credBlob: true, webauthn:extension:largeBlob: true, webauthn:virtualAuthenticators: true}
Session ID: e497cb6ca2337db202095bd12143c48f
18:52:56  INFO  manager.MyListener - **************
18:52:56  INFO  manager.MyListener - Screen with throwable  ---> src/test/screenshots/screenshot-3176.png
