17:55:39  INFO  manager.MyListener - Start find element with 'locator' --->By.cssSelector: [href='/login']
17:55:39  INFO  manager.MyListener - End of find element with 'locator' --->By.cssSelector: [href='/login']
17:55:39  INFO  manager.MyListener - Start find element with 'locator' --->By.cssSelector: [href='/login']
17:55:39  INFO  manager.MyListener - End of find element with 'locator' --->By.cssSelector: [href='/login']
17:55:39  INFO  manager.MyListener - Start find element with 'locator' --->By.id: user
17:55:40  INFO  manager.MyListener - End of find element with 'locator' --->By.id: user
17:55:40  INFO  manager.MyListener - Start find element with 'locator' --->By.id: login
17:55:40  INFO  manager.MyListener - End of find element with 'locator' --->By.id: login
17:55:43  INFO  manager.MyListener - Start find element with 'locator' --->By.id: password
17:55:43  INFO  manager.MyListener - End of find element with 'locator' --->By.id: password
17:55:44  INFO  manager.MyListener - Start find element with 'locator' --->By.cssSelector: #login-submit
17:55:44  INFO  manager.MyListener - End of find element with 'locator' --->By.cssSelector: #login-submit
17:55:44  INFO  manager.MyListener - Start find element with 'locator' --->By.cssSelector: [data-test-id='header-member-menu-button']
17:55:49  INFO  manager.MyListener - End of find element with 'locator' --->By.cssSelector: [data-test-id='header-member-menu-button']
17:55:49  INFO  manager.MyListener - Start find element with 'locator' --->By.cssSelector: [data-test-id="header-member-menu-profile"]
17:55:49  INFO  manager.MyListener - End of find element with 'locator' --->By.cssSelector: [data-test-id="header-member-menu-profile"]
17:55:50  INFO  manager.MyListener - Start find element with 'locator' --->By.xpath: //a[text()='Atlassian profile']
17:55:50  INFO  manager.MyListener - End of find element with 'locator' --->By.xpath: //a[text()='Atlassian profile']
17:55:54  INFO  manager.MyListener - Start find element with 'locator' --->By.cssSelector: [data-test-selector='profile-avatar']
17:55:54  INFO  manager.MyListener - End of find element with 'locator' --->By.cssSelector: [data-test-selector='profile-avatar']
17:55:57  INFO  manager.MyListener - Start find element with 'locator' --->By.xpath: //*[text()='Change profile photo']
17:55:57  INFO  manager.MyListener - End of find element with 'locator' --->By.xpath: //*[text()='Change profile photo']
17:55:57  INFO  manager.MyListener - Start find element with 'locator' --->By.cssSelector: #image-input
17:55:57  INFO  manager.MyListener - End of find element with 'locator' --->By.cssSelector: #image-input
17:55:58  INFO  manager.MyListener - Start find element with 'locator' --->By.xpath: //button[.='Upload']
17:55:58  INFO  manager.MyListener - End of find element with 'locator' --->By.xpath: //button[.='Upload']
