19:26:37  INFO  manager.MyListener - Start find element with 'locator' --->By.cssSelector: [href='/login']
19:26:37  INFO  manager.MyListener - End of find element with 'locator' --->By.cssSelector: [href='/login']
19:26:37  INFO  manager.MyListener - Start find element with 'locator' --->By.cssSelector: [href='/login']
19:26:37  INFO  manager.MyListener - End of find element with 'locator' --->By.cssSelector: [href='/login']
19:26:37  INFO  manager.MyListener - Start find element with 'locator' --->By.cssSelector: [href='/login']
19:26:37  INFO  manager.MyListener - End of find element with 'locator' --->By.cssSelector: [href='/login']
19:26:37  INFO  manager.MyListener - Start find element with 'locator' --->By.id: user
19:26:38  INFO  manager.MyListener - End of find element with 'locator' --->By.id: user
19:26:38  INFO  manager.MyListener - Start find element with 'locator' --->By.id: login
19:26:38  INFO  manager.MyListener - End of find element with 'locator' --->By.id: login
19:26:41  INFO  manager.MyListener - Start find element with 'locator' --->By.id: password
19:26:42  INFO  manager.MyListener - End of find element with 'locator' --->By.id: password
19:26:42  INFO  manager.MyListener - Start find element with 'locator' --->By.cssSelector: #login-submit
19:26:42  INFO  manager.MyListener - End of find element with 'locator' --->By.cssSelector: #login-submit
19:26:42  INFO  manager.MyListener - Start find element with 'locator' --->By.cssSelector: [data-test-id='header-member-menu-button']
19:26:48  INFO  manager.MyListener - End of find element with 'locator' --->By.cssSelector: [data-test-id='header-member-menu-button']
19:26:48  INFO  manager.MyListener - Start find element with 'locator' --->By.cssSelector: [data-test-id="header-member-menu-profile"]
19:26:49  INFO  manager.MyListener - End of find element with 'locator' --->By.cssSelector: [data-test-id="header-member-menu-profile"]
19:26:49  INFO  manager.MyListener - Start find element with 'locator' --->By.xpath: //a[text()='Atlassian profile']
19:26:51  INFO  manager.MyListener - End of find element with 'locator' --->By.xpath: //a[text()='Atlassian profile']
19:26:56  INFO  manager.MyListener - Start find element with 'locator' --->By.cssSelector: [data-test-selector='profile-avatar']
19:26:56  INFO  manager.MyListener - End of find element with 'locator' --->By.cssSelector: [data-test-selector='profile-avatar']
19:26:59  INFO  manager.MyListener - Start find element with 'locator' --->By.xpath: //*[text()='Change profile photo']
19:26:59  INFO  manager.MyListener - End of find element with 'locator' --->By.xpath: //*[text()='Change profile photo']
19:27:00  INFO  manager.MyListener - Start find element with 'locator' --->By.cssSelector: #image-input
19:27:00  INFO  manager.MyListener - End of find element with 'locator' --->By.cssSelector: #image-input
19:27:00  INFO  manager.MyListener - Start find element with 'locator' --->By.xpath: //button[.='Upload']
19:27:00  INFO  manager.MyListener - End of find element with 'locator' --->By.xpath: //button[.='Upload']
19:27:01  INFO  manager.MyListener - Start find element with 'locator' --->By.cssSelector: .css-ygd4ga
19:27:04  INFO  manager.MyListener - End of find element with 'locator' --->By.cssSelector: .css-ygd4ga
19:27:04  INFO  manager.MyListener - Start find element with 'locator' --->By.xpath: //span[text()='Avatar added']
19:27:04  INFO  manager.MyListener - End of find element with 'locator' --->By.xpath: //span[text()='Avatar added']
19:27:04  INFO  manager.MyListener - Start find element with 'locator' --->By.cssSelector: [href='/login']
19:27:14  INFO  manager.MyListener - End of find element with 'locator' --->By.cssSelector: [href='/login']
19:27:14  INFO  manager.MyListener - Start find element with 'locator' --->By.cssSelector: [data-test-id='header-member-menu-button']
19:27:14  INFO  manager.MyListener - End of find element with 'locator' --->By.cssSelector: [data-test-id='header-member-menu-button']
19:27:15  INFO  manager.MyListener - Start find element with 'locator' --->By.cssSelector: [data-test-id="header-member-menu-profile"]
19:27:15  INFO  manager.MyListener - End of find element with 'locator' --->By.cssSelector: [data-test-id="header-member-menu-profile"]
19:27:15  INFO  manager.MyListener - Start find element with 'locator' --->By.xpath: //a[text()='Atlassian profile']
19:27:15  INFO  manager.MyListener - End of find element with 'locator' --->By.xpath: //a[text()='Atlassian profile']
19:27:19  INFO  manager.MyListener - Start find element with 'locator' --->By.cssSelector: [data-test-selector='profile-avatar']
19:27:19  INFO  manager.MyListener - End of find element with 'locator' --->By.cssSelector: [data-test-selector='profile-avatar']
19:27:22  INFO  manager.MyListener - Start find element with 'locator' --->By.xpath: //*[text()='Change profile photo']
19:27:22  INFO  manager.MyListener - End of find element with 'locator' --->By.xpath: //*[text()='Change profile photo']
19:27:22  INFO  manager.MyListener - Start find element with 'locator' --->By.cssSelector: #image-input
19:27:22  INFO  manager.MyListener - End of find element with 'locator' --->By.cssSelector: #image-input
19:27:23  INFO  manager.MyListener - Start find element with 'locator' --->By.xpath: //button[.='Upload']
19:27:23  INFO  manager.MyListener - End of find element with 'locator' --->By.xpath: //button[.='Upload']
19:27:23  INFO  manager.MyListener - Start find element with 'locator' --->By.cssSelector: .css-ygd4ga
19:27:26  INFO  manager.MyListener - End of find element with 'locator' --->By.cssSelector: .css-ygd4ga
19:27:26  INFO  manager.MyListener - Start find element with 'locator' --->By.xpath: //span[text()='Avatar added']
19:27:26  INFO  manager.MyListener - End of find element with 'locator' --->By.xpath: //span[text()='Avatar added']
