17:52:32  INFO  manager.MyListener - Start find element with 'locator' --->By.cssSelector: [href='/login']
17:52:32  INFO  manager.MyListener - End of find element with 'locator' --->By.cssSelector: [href='/login']
17:52:33  INFO  manager.MyListener - Start find element with 'locator' --->By.cssSelector: [href='/login']
17:52:33  INFO  manager.MyListener - End of find element with 'locator' --->By.cssSelector: [href='/login']
17:52:33  INFO  manager.MyListener - Start find element with 'locator' --->By.id: user
17:52:34  INFO  manager.MyListener - End of find element with 'locator' --->By.id: user
17:52:35  INFO  manager.MyListener - Start find element with 'locator' --->By.id: login
17:52:35  INFO  manager.MyListener - End of find element with 'locator' --->By.id: login
17:52:37  INFO  manager.MyListener - Start find element with 'locator' --->By.id: password
17:52:40  INFO  manager.MyListener - End of find element with 'locator' --->By.id: password
17:52:40  INFO  manager.MyListener - Start find element with 'locator' --->By.cssSelector: #login-submit
17:52:40  INFO  manager.MyListener - End of find element with 'locator' --->By.cssSelector: #login-submit
17:52:40  INFO  manager.MyListener - Start find element with 'locator' --->By.cssSelector: [data-test-id ='create-board-tile']
17:52:47  INFO  manager.MyListener - End of find element with 'locator' --->By.cssSelector: [data-test-id ='create-board-tile']
17:52:47  INFO  manager.MyListener - Start find element with 'locator' --->By.cssSelector: [data-test-id ='create-board-title-input']
17:52:47  INFO  manager.MyListener - End of find element with 'locator' --->By.cssSelector: [data-test-id ='create-board-title-input']
17:52:48  INFO  manager.MyListener - Start find element with 'locator' --->By.cssSelector: button[title='Green']
17:52:48  INFO  manager.MyListener - End of find element with 'locator' --->By.cssSelector: button[title='Green']
17:52:48  INFO  manager.MyListener - Start find element with 'locator' --->By.cssSelector: [data-test-id='create-board-submit-button']
17:52:48  INFO  manager.MyListener - End of find element with 'locator' --->By.cssSelector: [data-test-id='create-board-submit-button']
17:52:50  INFO  manager.MyListener - Start find element with 'locator' --->By.cssSelector: [aria-label='Back to home']
17:52:50  INFO  manager.MyListener - End of find element with 'locator' --->By.cssSelector: [aria-label='Back to home']
17:52:52  INFO  manager.MyListener - Start find element with 'locator' --->By.cssSelector: div.content-all-boards>div>div:nth-child(2) ul div[title]
17:52:52  INFO  manager.MyListener - End of find element with 'locator' --->By.cssSelector: div.content-all-boards>div>div:nth-child(2) ul div[title]
