18:59:54  INFO  manager.MyListener - Start find element with 'locator' --->By.cssSelector: [aria-label='Open member menu']
19:00:04  INFO  manager.MyListener - End of find element with 'locator' --->By.cssSelector: [aria-label='Open member menu']
19:00:04  INFO  manager.MyListener - Start find element with 'locator' --->By.cssSelector: [href='/login']
19:00:04  INFO  manager.MyListener - End of find element with 'locator' --->By.cssSelector: [href='/login']
19:00:04  INFO  manager.MyListener - Start find element with 'locator' --->By.cssSelector: [href='/login']
19:00:04  INFO  manager.MyListener - End of find element with 'locator' --->By.cssSelector: [href='/login']
19:00:05  INFO  manager.MyListener - Start find element with 'locator' --->By.id: user
19:00:07  INFO  manager.MyListener - End of find element with 'locator' --->By.id: user
19:00:10  INFO  manager.MyListener - Start find element with 'locator' --->By.id: login
19:00:10  INFO  manager.MyListener - End of find element with 'locator' --->By.id: login
19:00:16  INFO  manager.MyListener - Start find element with 'locator' --->By.id: password
19:00:16  INFO  manager.MyListener - End of find element with 'locator' --->By.id: password
19:00:17  INFO  manager.MyListener - Start find element with 'locator' --->By.cssSelector: #login-submit
19:00:17  INFO  manager.MyListener - End of find element with 'locator' --->By.cssSelector: #login-submit
19:00:17  INFO  manager.MyListener - Start find element with 'locator' --->By.cssSelector: [aria-label='Open member menu']
19:00:33  INFO  manager.MyListener - End of find element with 'locator' --->By.cssSelector: [aria-label='Open member menu']
19:00:33  INFO  manager.MyListener - Start find element with 'locator' --->By.cssSelector: [href='/login']
19:00:43  INFO  manager.MyListener - We have a throwable ---> no such element: Unable to locate element: {"method":"css selector","selector":"[href='/login']"}
  (Session info: chrome=99.0.4844.74)
For documentation on this error, please visit: https://selenium.dev/exceptions/#no_such_element
Build info: version: '4.1.2', revision: '9a5a329c5a'
System info: host: 'MacBook-Pro-Taya.local', ip: 'fe80:0:0:0:1460:97c3:c17a:e33a%en0', os.name: 'Mac OS X', os.arch: 'x86_64', os.version: '10.16', java.version: '1.8.0_151'
Driver info: org.openqa.selenium.chrome.ChromeDriver
Command: [0559969e3f2b60dde5dc70aebc92b6cd, findElement {using=css selector, value=[href='/login']}]
Capabilities {acceptInsecureCerts: false, browserName: chrome, browserVersion: 99.0.4844.74, chrome: {chromedriverVersion: 98.0.4758.48 (d869ab3eda606..., userDataDir: /var/folders/s_/hl4vhy0959g...}, goog:chromeOptions: {debuggerAddress: localhost:52006}, javascriptEnabled: true, networkConnectionEnabled: false, pageLoadStrategy: normal, platform: MAC, platformName: MAC, proxy: Proxy(), se:cdp: ws://localhost:52006/devtoo..., se:cdpVersion: 99.0.4844.74, setWindowRect: true, strictFileInteractability: false, timeouts: {implicit: 0, pageLoad: 300000, script: 30000}, unhandledPromptBehavior: dismiss and notify, webauthn:extension:credBlob: true, webauthn:extension:largeBlob: true, webauthn:virtualAuthenticators: true}
Session ID: 0559969e3f2b60dde5dc70aebc92b6cd
19:00:43  INFO  manager.MyListener - **************
19:00:43  INFO  manager.MyListener - We have a throwable ---> org.openqa.selenium.NoSuchElementException: no such element: Unable to locate element: {"method":"css selector","selector":"[href='/login']"}
  (Session info: chrome=99.0.4844.74)
For documentation on this error, please visit: https://selenium.dev/exceptions/#no_such_element
Build info: version: '4.1.2', revision: '9a5a329c5a'
System info: host: 'MacBook-Pro-Taya.local', ip: 'fe80:0:0:0:1460:97c3:c17a:e33a%en0', os.name: 'Mac OS X', os.arch: 'x86_64', os.version: '10.16', java.version: '1.8.0_151'
Driver info: org.openqa.selenium.chrome.ChromeDriver
Command: [0559969e3f2b60dde5dc70aebc92b6cd, findElement {using=css selector, value=[href='/login']}]
Capabilities {acceptInsecureCerts: false, browserName: chrome, browserVersion: 99.0.4844.74, chrome: {chromedriverVersion: 98.0.4758.48 (d869ab3eda606..., userDataDir: /var/folders/s_/hl4vhy0959g...}, goog:chromeOptions: {debuggerAddress: localhost:52006}, javascriptEnabled: true, networkConnectionEnabled: false, pageLoadStrategy: normal, platform: MAC, platformName: MAC, proxy: Proxy(), se:cdp: ws://localhost:52006/devtoo..., se:cdpVersion: 99.0.4844.74, setWindowRect: true, strictFileInteractability: false, timeouts: {implicit: 0, pageLoad: 300000, script: 30000}, unhandledPromptBehavior: dismiss and notify, webauthn:extension:credBlob: true, webauthn:extension:largeBlob: true, webauthn:virtualAuthenticators: true}
Session ID: 0559969e3f2b60dde5dc70aebc92b6cd
19:00:43  INFO  manager.MyListener - **************
19:00:43  INFO  manager.MyListener - Screen with throwable  ---> src/test/screenshots/screenshot-43.png
19:00:44  INFO  manager.MyListener - Start find element with 'locator' --->By.cssSelector: [href='/login']
19:00:54  INFO  manager.MyListener - End of find element with 'locator' --->By.cssSelector: [href='/login']
19:00:54  INFO  manager.MyListener - Start find element with 'locator' --->By.cssSelector: .content-all-boards>div>div:nth-child(2) li
19:00:54  INFO  manager.MyListener - End of find element with 'locator' --->By.cssSelector: .content-all-boards>div>div:nth-child(2) li
19:00:54  INFO  manager.MyListener - Start find element with 'locator' --->By.cssSelector: [data-test-id ='create-board-tile']
19:00:54  INFO  manager.MyListener - End of find element with 'locator' --->By.cssSelector: [data-test-id ='create-board-tile']
19:00:54  INFO  manager.MyListener - Start find element with 'locator' --->By.cssSelector: [data-test-id ='create-board-title-input']
19:00:55  INFO  manager.MyListener - End of find element with 'locator' --->By.cssSelector: [data-test-id ='create-board-title-input']
19:00:57  INFO  manager.MyListener - Start find element with 'locator' --->By.cssSelector: button[title='Green']
19:00:57  INFO  manager.MyListener - End of find element with 'locator' --->By.cssSelector: button[title='Green']
19:00:58  INFO  manager.MyListener - Start find element with 'locator' --->By.cssSelector: [data-test-id='create-board-submit-button']
19:00:58  INFO  manager.MyListener - End of find element with 'locator' --->By.cssSelector: [data-test-id='create-board-submit-button']
19:01:00  INFO  manager.MyListener - Start find element with 'locator' --->By.cssSelector: [aria-label='Back to home']
19:01:00  INFO  manager.MyListener - End of find element with 'locator' --->By.cssSelector: [aria-label='Back to home']
19:01:05  INFO  manager.MyListener - Start find element with 'locator' --->By.cssSelector: .content-all-boards>div>div:nth-child(3) li
19:01:06  INFO  manager.MyListener - End of find element with 'locator' --->By.cssSelector: .content-all-boards>div>div:nth-child(3) li
19:01:06  INFO  tests.TestBase - Count of boards before test was :4
19:01:06  INFO  manager.MyListener - Start find element with 'locator' --->By.cssSelector: .board-tile-details
19:01:07  INFO  manager.MyListener - End of find element with 'locator' --->By.cssSelector: .board-tile-details
19:01:08  INFO  manager.MyListener - Start find element with 'locator' --->By.cssSelector: .js-show-sidebar
19:01:09  INFO  manager.MyListener - End of find element with 'locator' --->By.cssSelector: .js-show-sidebar
19:01:10  INFO  manager.MyListener - Start find element with 'locator' --->By.cssSelector: .js-open-more
19:01:10  INFO  manager.MyListener - End of find element with 'locator' --->By.cssSelector: .js-open-more
19:01:10  INFO  manager.MyListener - Start find element with 'locator' --->By.cssSelector: .js-close-board
19:01:10  INFO  manager.MyListener - End of find element with 'locator' --->By.cssSelector: .js-close-board
19:01:11  INFO  manager.MyListener - Start find element with 'locator' --->By.cssSelector: .js-confirm
19:01:11  INFO  manager.MyListener - End of find element with 'locator' --->By.cssSelector: .js-confirm
19:01:11  INFO  manager.MyListener - Start find element with 'locator' --->By.cssSelector: [data-test-id='close-board-big-message']
19:01:13  INFO  manager.MyListener - End of find element with 'locator' --->By.cssSelector: [data-test-id='close-board-big-message']
19:01:13  INFO  manager.MyListener - Start find element with 'locator' --->By.cssSelector: [data-test-id='close-board-delete-board-button']
19:01:13  INFO  manager.MyListener - End of find element with 'locator' --->By.cssSelector: [data-test-id='close-board-delete-board-button']
19:01:13  INFO  manager.MyListener - Start find element with 'locator' --->By.cssSelector: [data-test-id='close-board-delete-board-confirm-button']
19:01:13  INFO  manager.MyListener - End of find element with 'locator' --->By.cssSelector: [data-test-id='close-board-delete-board-confirm-button']
19:01:13  INFO  manager.MyListener - Start find element with 'locator' --->By.xpath: //h3[text()='YOUR WORKSPACES']
19:01:17  INFO  manager.MyListener - End of find element with 'locator' --->By.xpath: //h3[text()='YOUR WORKSPACES']
19:01:17  INFO  manager.MyListener - Start find element with 'locator' --->By.cssSelector: .content-all-boards>div>div:nth-child(2) li
19:01:17  INFO  manager.MyListener - End of find element with 'locator' --->By.cssSelector: .content-all-boards>div>div:nth-child(2) li
19:01:17  INFO  tests.TestBase - Count of boards after test was :3
19:01:17  INFO  manager.MyListener - Start find element with 'locator' --->By.cssSelector: [href='/login']
19:01:27  INFO  manager.MyListener - End of find element with 'locator' --->By.cssSelector: [href='/login']
19:01:27  INFO  manager.MyListener - Start find element with 'locator' --->By.cssSelector: [data-test-id='header-member-menu-button']
19:01:27  INFO  manager.MyListener - End of find element with 'locator' --->By.cssSelector: [data-test-id='header-member-menu-button']
19:01:27  INFO  manager.MyListener - Start find element with 'locator' --->By.cssSelector: [data-test-id="header-member-menu-profile"]
19:01:27  INFO  manager.MyListener - End of find element with 'locator' --->By.cssSelector: [data-test-id="header-member-menu-profile"]
19:01:28  INFO  manager.MyListener - Start find element with 'locator' --->By.xpath: //a[text()='Atlassian profile']
19:01:30  INFO  manager.MyListener - End of find element with 'locator' --->By.xpath: //a[text()='Atlassian profile']
19:01:39  INFO  manager.MyListener - Start find element with 'locator' --->By.cssSelector: [data-test-selector='profile-avatar']
19:01:40  INFO  manager.MyListener - End of find element with 'locator' --->By.cssSelector: [data-test-selector='profile-avatar']
19:01:43  INFO  manager.MyListener - Start find element with 'locator' --->By.xpath: //*[text()='Change profile photo']
19:01:43  INFO  manager.MyListener - End of find element with 'locator' --->By.xpath: //*[text()='Change profile photo']
19:01:43  INFO  manager.MyListener - Start find element with 'locator' --->By.cssSelector: #image-input
19:01:44  INFO  manager.MyListener - End of find element with 'locator' --->By.cssSelector: #image-input
19:01:44  INFO  manager.MyListener - Start find element with 'locator' --->By.xpath: //button[.='Upload']
19:01:45  INFO  manager.MyListener - End of find element with 'locator' --->By.xpath: //button[.='Upload']
19:01:48  INFO  manager.MyListener - Start find element with 'locator' --->By.cssSelector: .css-ygd4ga
19:01:58  INFO  manager.MyListener - We have a throwable ---> no such element: Unable to locate element: {"method":"css selector","selector":".css-ygd4ga"}
  (Session info: chrome=99.0.4844.74)
For documentation on this error, please visit: https://selenium.dev/exceptions/#no_such_element
Build info: version: '4.1.2', revision: '9a5a329c5a'
System info: host: 'MacBook-Pro-Taya.local', ip: 'fe80:0:0:0:1460:97c3:c17a:e33a%en0', os.name: 'Mac OS X', os.arch: 'x86_64', os.version: '10.16', java.version: '1.8.0_151'
Driver info: org.openqa.selenium.chrome.ChromeDriver
Command: [0559969e3f2b60dde5dc70aebc92b6cd, findElement {using=css selector, value=.css-ygd4ga}]
Capabilities {acceptInsecureCerts: false, browserName: chrome, browserVersion: 99.0.4844.74, chrome: {chromedriverVersion: 98.0.4758.48 (d869ab3eda606..., userDataDir: /var/folders/s_/hl4vhy0959g...}, goog:chromeOptions: {debuggerAddress: localhost:52006}, javascriptEnabled: true, networkConnectionEnabled: false, pageLoadStrategy: normal, platform: MAC, platformName: MAC, proxy: Proxy(), se:cdp: ws://localhost:52006/devtoo..., se:cdpVersion: 99.0.4844.74, setWindowRect: true, strictFileInteractability: false, timeouts: {implicit: 0, pageLoad: 300000, script: 30000}, unhandledPromptBehavior: dismiss and notify, webauthn:extension:credBlob: true, webauthn:extension:largeBlob: true, webauthn:virtualAuthenticators: true}
Session ID: 0559969e3f2b60dde5dc70aebc92b6cd
19:01:58  INFO  manager.MyListener - **************
19:01:58  INFO  manager.MyListener - We have a throwable ---> org.openqa.selenium.NoSuchElementException: no such element: Unable to locate element: {"method":"css selector","selector":".css-ygd4ga"}
  (Session info: chrome=99.0.4844.74)
For documentation on this error, please visit: https://selenium.dev/exceptions/#no_such_element
Build info: version: '4.1.2', revision: '9a5a329c5a'
System info: host: 'MacBook-Pro-Taya.local', ip: 'fe80:0:0:0:1460:97c3:c17a:e33a%en0', os.name: 'Mac OS X', os.arch: 'x86_64', os.version: '10.16', java.version: '1.8.0_151'
Driver info: org.openqa.selenium.chrome.ChromeDriver
Command: [0559969e3f2b60dde5dc70aebc92b6cd, findElement {using=css selector, value=.css-ygd4ga}]
Capabilities {acceptInsecureCerts: false, browserName: chrome, browserVersion: 99.0.4844.74, chrome: {chromedriverVersion: 98.0.4758.48 (d869ab3eda606..., userDataDir: /var/folders/s_/hl4vhy0959g...}, goog:chromeOptions: {debuggerAddress: localhost:52006}, javascriptEnabled: true, networkConnectionEnabled: false, pageLoadStrategy: normal, platform: MAC, platformName: MAC, proxy: Proxy(), se:cdp: ws://localhost:52006/devtoo..., se:cdpVersion: 99.0.4844.74, setWindowRect: true, strictFileInteractability: false, timeouts: {implicit: 0, pageLoad: 300000, script: 30000}, unhandledPromptBehavior: dismiss and notify, webauthn:extension:credBlob: true, webauthn:extension:largeBlob: true, webauthn:virtualAuthenticators: true}
Session ID: 0559969e3f2b60dde5dc70aebc92b6cd
19:01:58  INFO  manager.MyListener - **************
19:01:58  INFO  manager.MyListener - Screen with throwable  ---> src/test/screenshots/screenshot-118.png
