22:49:40  INFO  manager.MyListener - Start find element with 'locator' --->By.cssSelector: [href='/login']
22:49:40  INFO  manager.MyListener - End of find element with 'locator' --->By.cssSelector: [href='/login']
22:49:40  INFO  manager.MyListener - Start find element with 'locator' --->By.cssSelector: [href='/login']
22:49:40  INFO  manager.MyListener - End of find element with 'locator' --->By.cssSelector: [href='/login']
22:49:41  INFO  manager.MyListener - Start find element with 'locator' --->By.id: user
22:50:12  INFO  manager.MyListener - End of find element with 'locator' --->By.id: user
22:50:12  INFO  manager.MyListener - Start find element with 'locator' --->By.id: login
22:50:12  INFO  manager.MyListener - End of find element with 'locator' --->By.id: login
22:50:14  INFO  manager.MyListener - Start find element with 'locator' --->By.id: password
22:50:15  INFO  manager.MyListener - End of find element with 'locator' --->By.id: password
22:50:16  INFO  manager.MyListener - Start find element with 'locator' --->By.cssSelector: #login-submit
22:50:16  INFO  manager.MyListener - End of find element with 'locator' --->By.cssSelector: #login-submit
22:50:16  INFO  manager.MyListener - Start find element with 'locator' --->By.cssSelector: [data-test-id ='create-board-tile']
22:50:23  INFO  manager.MyListener - End of find element with 'locator' --->By.cssSelector: [data-test-id ='create-board-tile']
22:50:23  INFO  manager.MyListener - Start find element with 'locator' --->By.cssSelector: [data-test-id ='create-board-title-input']
22:50:24  INFO  manager.MyListener - End of find element with 'locator' --->By.cssSelector: [data-test-id ='create-board-title-input']
22:50:24  INFO  manager.MyListener - Start find element with 'locator' --->By.cssSelector: button[title='Green']
22:50:24  INFO  manager.MyListener - End of find element with 'locator' --->By.cssSelector: button[title='Green']
22:50:24  INFO  manager.MyListener - Start find element with 'locator' --->By.cssSelector: [data-test-id='create-board-submit-button']
22:50:24  INFO  manager.MyListener - End of find element with 'locator' --->By.cssSelector: [data-test-id='create-board-submit-button']
22:50:26  INFO  manager.MyListener - Start find element with 'locator' --->By.cssSelector: [aria-label='Back to home']
22:50:26  INFO  manager.MyListener - End of find element with 'locator' --->By.cssSelector: [aria-label='Back to home']
22:50:29  INFO  manager.MyListener - Start find element with 'locator' --->By.cssSelector: div.content-all-boards>div>div:nth-child(2) ul div[title]
22:50:29  INFO  manager.MyListener - End of find element with 'locator' --->By.cssSelector: div.content-all-boards>div>div:nth-child(2) ul div[title]
