19:52:48  INFO  manager.MyListener - Start find element with 'locator' --->By.cssSelector: [aria-label='Open member menu']
19:52:58  INFO  manager.MyListener - End of find element with 'locator' --->By.cssSelector: [aria-label='Open member menu']
19:52:58  INFO  manager.MyListener - Start find element with 'locator' --->By.cssSelector: [href='/login']
19:52:58  INFO  manager.MyListener - End of find element with 'locator' --->By.cssSelector: [href='/login']
19:52:58  INFO  manager.MyListener - Start find element with 'locator' --->By.cssSelector: [href='/login']
19:52:59  INFO  manager.MyListener - End of find element with 'locator' --->By.cssSelector: [href='/login']
19:52:59  INFO  manager.MyListener - Start find element with 'locator' --->By.id: user
19:53:00  INFO  manager.MyListener - End of find element with 'locator' --->By.id: user
19:53:01  INFO  manager.MyListener - Start find element with 'locator' --->By.id: login
19:53:01  INFO  manager.MyListener - End of find element with 'locator' --->By.id: login
19:53:03  INFO  manager.MyListener - Start find element with 'locator' --->By.id: password
19:53:04  INFO  manager.MyListener - End of find element with 'locator' --->By.id: password
19:53:04  INFO  manager.MyListener - Start find element with 'locator' --->By.cssSelector: #login-submit
19:53:04  INFO  manager.MyListener - End of find element with 'locator' --->By.cssSelector: #login-submit
19:53:04  INFO  manager.MyListener - Start find element with 'locator' --->By.cssSelector: [aria-label='Open member menu']
19:53:13  INFO  manager.MyListener - End of find element with 'locator' --->By.cssSelector: [aria-label='Open member menu']
19:53:13  INFO  manager.MyListener - Start find element with 'locator' --->By.cssSelector: [aria-label='Open member menu']
19:53:13  INFO  manager.MyListener - End of find element with 'locator' --->By.cssSelector: [aria-label='Open member menu']
19:53:13  INFO  manager.MyListener - Start find element with 'locator' --->By.cssSelector: [aria-label='Open member menu']
19:53:14  INFO  manager.MyListener - End of find element with 'locator' --->By.cssSelector: [aria-label='Open member menu']
19:53:14  INFO  manager.MyListener - Start find element with 'locator' --->By.xpath: //*[text()='Log out']
19:53:15  INFO  manager.MyListener - End of find element with 'locator' --->By.xpath: //*[text()='Log out']
19:53:16  INFO  manager.MyListener - Start find element with 'locator' --->By.id: logout-submit
19:53:16  INFO  manager.MyListener - End of find element with 'locator' --->By.id: logout-submit
19:53:17  INFO  manager.MyListener - Start find element with 'locator' --->By.cssSelector: [href='/login']
19:53:21  INFO  manager.MyListener - End of find element with 'locator' --->By.cssSelector: [href='/login']
19:53:21  INFO  manager.MyListener - Start find element with 'locator' --->By.cssSelector: [href='/login']
19:53:21  INFO  manager.MyListener - End of find element with 'locator' --->By.cssSelector: [href='/login']
19:53:21  INFO  manager.MyListener - Start find element with 'locator' --->By.id: user
19:53:22  INFO  manager.MyListener - End of find element with 'locator' --->By.id: user
19:53:24  INFO  manager.MyListener - Start find element with 'locator' --->By.id: login
19:53:24  INFO  manager.MyListener - End of find element with 'locator' --->By.id: login
19:53:28  INFO  manager.MyListener - Start find element with 'locator' --->By.id: password
19:53:28  INFO  manager.MyListener - End of find element with 'locator' --->By.id: password
19:53:28  INFO  manager.MyListener - Start find element with 'locator' --->By.cssSelector: #login-submit
19:53:28  INFO  manager.MyListener - End of find element with 'locator' --->By.cssSelector: #login-submit
19:53:28  INFO  manager.MyListener - Start find element with 'locator' --->By.cssSelector: [aria-label='Open member menu']
19:53:36  INFO  manager.MyListener - End of find element with 'locator' --->By.cssSelector: [aria-label='Open member menu']
19:53:36  INFO  manager.MyListener - Start find element with 'locator' --->By.cssSelector: [href='/login']
19:53:46  INFO  manager.MyListener - End of find element with 'locator' --->By.cssSelector: [href='/login']
19:53:46  INFO  manager.MyListener - Start find element with 'locator' --->By.cssSelector: .content-all-boards>div>div:nth-child(2) li
19:53:46  INFO  manager.MyListener - End of find element with 'locator' --->By.cssSelector: .content-all-boards>div>div:nth-child(2) li
19:53:46  INFO  manager.MyListener - Start find element with 'locator' --->By.cssSelector: [data-test-id ='create-board-tile']
19:53:46  INFO  manager.MyListener - End of find element with 'locator' --->By.cssSelector: [data-test-id ='create-board-tile']
19:53:46  INFO  manager.MyListener - Start find element with 'locator' --->By.cssSelector: [data-test-id ='create-board-title-input']
19:53:47  INFO  manager.MyListener - End of find element with 'locator' --->By.cssSelector: [data-test-id ='create-board-title-input']
19:53:47  INFO  manager.MyListener - Start find element with 'locator' --->By.cssSelector: button[title='Green']
19:53:47  INFO  manager.MyListener - End of find element with 'locator' --->By.cssSelector: button[title='Green']
19:53:48  INFO  manager.MyListener - Start find element with 'locator' --->By.cssSelector: [data-test-id='create-board-submit-button']
19:53:48  INFO  manager.MyListener - End of find element with 'locator' --->By.cssSelector: [data-test-id='create-board-submit-button']
19:53:50  INFO  manager.MyListener - Start find element with 'locator' --->By.cssSelector: [aria-label='Back to home']
19:53:50  INFO  manager.MyListener - End of find element with 'locator' --->By.cssSelector: [aria-label='Back to home']
19:53:51  INFO  manager.MyListener - Start find element with 'locator' --->By.cssSelector: .content-all-boards>div>div:nth-child(3) li
19:53:52  INFO  manager.MyListener - End of find element with 'locator' --->By.cssSelector: .content-all-boards>div>div:nth-child(3) li
19:53:52  INFO  tests.TestBase - Count of boards before test was :3
19:53:52  INFO  manager.MyListener - Start find element with 'locator' --->By.cssSelector: .board-tile-details
19:53:53  INFO  manager.MyListener - End of find element with 'locator' --->By.cssSelector: .board-tile-details
19:53:53  INFO  manager.MyListener - Start find element with 'locator' --->By.cssSelector: .js-show-sidebar
19:53:54  INFO  manager.MyListener - End of find element with 'locator' --->By.cssSelector: .js-show-sidebar
19:53:54  INFO  manager.MyListener - Start find element with 'locator' --->By.cssSelector: .js-open-more
19:53:54  INFO  manager.MyListener - End of find element with 'locator' --->By.cssSelector: .js-open-more
19:53:54  INFO  manager.MyListener - Start find element with 'locator' --->By.cssSelector: .js-close-board
19:53:55  INFO  manager.MyListener - End of find element with 'locator' --->By.cssSelector: .js-close-board
19:53:55  INFO  manager.MyListener - Start find element with 'locator' --->By.cssSelector: .js-confirm
19:53:55  INFO  manager.MyListener - End of find element with 'locator' --->By.cssSelector: .js-confirm
19:53:55  INFO  manager.MyListener - Start find element with 'locator' --->By.cssSelector: [data-test-id='close-board-big-message']
19:53:56  INFO  manager.MyListener - End of find element with 'locator' --->By.cssSelector: [data-test-id='close-board-big-message']
19:53:56  INFO  manager.MyListener - Start find element with 'locator' --->By.cssSelector: [data-test-id='close-board-delete-board-button']
19:53:56  INFO  manager.MyListener - End of find element with 'locator' --->By.cssSelector: [data-test-id='close-board-delete-board-button']
19:53:56  INFO  manager.MyListener - Start find element with 'locator' --->By.cssSelector: [data-test-id='close-board-delete-board-confirm-button']
19:53:56  INFO  manager.MyListener - End of find element with 'locator' --->By.cssSelector: [data-test-id='close-board-delete-board-confirm-button']
19:53:56  INFO  manager.MyListener - Start find element with 'locator' --->By.xpath: //h3[text()='YOUR WORKSPACES']
19:53:58  INFO  manager.MyListener - End of find element with 'locator' --->By.xpath: //h3[text()='YOUR WORKSPACES']
19:53:58  INFO  manager.MyListener - Start find element with 'locator' --->By.cssSelector: .content-all-boards>div>div:nth-child(2) li
19:53:58  INFO  manager.MyListener - End of find element with 'locator' --->By.cssSelector: .content-all-boards>div>div:nth-child(2) li
19:53:58  INFO  tests.TestBase - Count of boards after test was :2
