22:38:09  INFO  manager.MyListener - Start find element with 'locator' --->By.cssSelector: [aria-label='Open member menu']
22:38:19  INFO  manager.MyListener - End of find element with 'locator' --->By.cssSelector: [aria-label='Open member menu']
22:38:19  INFO  manager.MyListener - Start find element with 'locator' --->By.cssSelector: [href='/login']
22:38:19  INFO  manager.MyListener - End of find element with 'locator' --->By.cssSelector: [href='/login']
22:38:19  INFO  manager.MyListener - Start find element with 'locator' --->By.cssSelector: [href='/login']
22:38:19  INFO  manager.MyListener - End of find element with 'locator' --->By.cssSelector: [href='/login']
22:38:20  INFO  manager.MyListener - Start find element with 'locator' --->By.id: user
22:38:21  INFO  manager.MyListener - End of find element with 'locator' --->By.id: user
22:38:21  INFO  manager.MyListener - We have a throwable ---> unknown error: Cannot construct KeyEvent from non-typeable key
  (Session info: chrome=99.0.4844.83)
Build info: version: '3.141.59', revision: 'e82be7d358', time: '2018-11-14T08:17:03'
System info: host: 'MBP-Taya.lan', ip: 'fe80:0:0:0:1460:97c3:c17a:e33a%en0', os.name: 'Mac OS X', os.arch: 'x86_64', os.version: '10.16', java.version: '1.8.0_151'
Driver info: org.openqa.selenium.chrome.ChromeDriver
Capabilities {acceptInsecureCerts: false, browserName: chrome, browserVersion: 99.0.4844.83, chrome: {chromedriverVersion: 98.0.4758.48 (d869ab3eda606..., userDataDir: /var/folders/s_/hl4vhy0959g...}, goog:chromeOptions: {debuggerAddress: localhost:51295}, javascriptEnabled: true, networkConnectionEnabled: false, pageLoadStrategy: normal, platform: MAC, platformName: MAC, proxy: Proxy(), setWindowRect: true, strictFileInteractability: false, timeouts: {implicit: 0, pageLoad: 300000, script: 30000}, unhandledPromptBehavior: dismiss and notify, webauthn:extension:credBlob: true, webauthn:extension:largeBlob: true, webauthn:virtualAuthenticators: true}
Session ID: 6198c6317a67a87f117bc58502b41bb0
22:38:21  INFO  manager.MyListener - **************
22:38:21  INFO  manager.MyListener - We have a throwable ---> org.openqa.selenium.WebDriverException: unknown error: Cannot construct KeyEvent from non-typeable key
  (Session info: chrome=99.0.4844.83)
Build info: version: '3.141.59', revision: 'e82be7d358', time: '2018-11-14T08:17:03'
System info: host: 'MBP-Taya.lan', ip: 'fe80:0:0:0:1460:97c3:c17a:e33a%en0', os.name: 'Mac OS X', os.arch: 'x86_64', os.version: '10.16', java.version: '1.8.0_151'
Driver info: org.openqa.selenium.chrome.ChromeDriver
Capabilities {acceptInsecureCerts: false, browserName: chrome, browserVersion: 99.0.4844.83, chrome: {chromedriverVersion: 98.0.4758.48 (d869ab3eda606..., userDataDir: /var/folders/s_/hl4vhy0959g...}, goog:chromeOptions: {debuggerAddress: localhost:51295}, javascriptEnabled: true, networkConnectionEnabled: false, pageLoadStrategy: normal, platform: MAC, platformName: MAC, proxy: Proxy(), setWindowRect: true, strictFileInteractability: false, timeouts: {implicit: 0, pageLoad: 300000, script: 30000}, unhandledPromptBehavior: dismiss and notify, webauthn:extension:credBlob: true, webauthn:extension:largeBlob: true, webauthn:virtualAuthenticators: true}
Session ID: 6198c6317a67a87f117bc58502b41bb0
22:38:21  INFO  manager.MyListener - **************
22:38:21  INFO  manager.MyListener - Screen with throwable  ---> src/test/screenshots/screenshot-2301.png
