18:54:05  INFO  manager.MyListener - Start find element with 'locator' --->By.cssSelector: [href='/login']
18:54:05  INFO  manager.MyListener - End of find element with 'locator' --->By.cssSelector: [href='/login']
18:54:05  INFO  manager.MyListener - Start find element with 'locator' --->By.cssSelector: [href='/login']
18:54:05  INFO  manager.MyListener - End of find element with 'locator' --->By.cssSelector: [href='/login']
18:54:06  INFO  manager.MyListener - Start find element with 'locator' --->By.cssSelector: [href='/login']
18:54:06  INFO  manager.MyListener - End of find element with 'locator' --->By.cssSelector: [href='/login']
18:54:06  INFO  manager.MyListener - Start find element with 'locator' --->By.id: user
18:54:07  INFO  manager.MyListener - End of find element with 'locator' --->By.id: user
18:54:07  INFO  manager.MyListener - Start find element with 'locator' --->By.id: login
18:54:07  INFO  manager.MyListener - End of find element with 'locator' --->By.id: login
18:54:10  INFO  manager.MyListener - Start find element with 'locator' --->By.id: password
18:54:11  INFO  manager.MyListener - End of find element with 'locator' --->By.id: password
18:54:11  INFO  manager.MyListener - Start find element with 'locator' --->By.cssSelector: #login-submit
18:54:11  INFO  manager.MyListener - End of find element with 'locator' --->By.cssSelector: #login-submit
18:54:11  INFO  manager.MyListener - Start find element with 'locator' --->By.cssSelector: [data-test-id='header-member-menu-button']
18:54:18  INFO  manager.MyListener - End of find element with 'locator' --->By.cssSelector: [data-test-id='header-member-menu-button']
18:54:19  INFO  manager.MyListener - Start find element with 'locator' --->By.cssSelector: [data-test-id="header-member-menu-profile"]
18:54:19  INFO  manager.MyListener - End of find element with 'locator' --->By.cssSelector: [data-test-id="header-member-menu-profile"]
18:54:19  INFO  manager.MyListener - Start find element with 'locator' --->By.xpath: //a[text()='Atlassian profile']
18:54:20  INFO  manager.MyListener - End of find element with 'locator' --->By.xpath: //a[text()='Atlassian profile']
18:54:24  INFO  manager.MyListener - Start find element with 'locator' --->By.cssSelector: [data-test-selector='profile-avatar']
18:54:26  INFO  manager.MyListener - End of find element with 'locator' --->By.cssSelector: [data-test-selector='profile-avatar']
18:54:29  INFO  manager.MyListener - Start find element with 'locator' --->By.xpath: //*[text()='Change profile photo']
18:54:29  INFO  manager.MyListener - End of find element with 'locator' --->By.xpath: //*[text()='Change profile photo']
18:54:29  INFO  manager.MyListener - Start find element with 'locator' --->By.cssSelector: #image-input
18:54:29  INFO  manager.MyListener - End of find element with 'locator' --->By.cssSelector: #image-input
18:54:30  INFO  manager.MyListener - Start find element with 'locator' --->By.xpath: //button[.='Upload']
18:54:30  INFO  manager.MyListener - End of find element with 'locator' --->By.xpath: //button[.='Upload']
18:54:30  INFO  manager.MyListener - Start find element with 'locator' --->By.cssSelector: .css-ygd4ga
18:54:32  INFO  manager.MyListener - End of find element with 'locator' --->By.cssSelector: .css-ygd4ga
18:54:32  INFO  manager.MyListener - Start find element with 'locator' --->By.xpath: //span[text()='Avatar added']
18:54:32  INFO  manager.MyListener - End of find element with 'locator' --->By.xpath: //span[text()='Avatar added']
18:54:32  INFO  manager.MyListener - Start find element with 'locator' --->By.cssSelector: [href='/login']
18:54:42  INFO  manager.MyListener - End of find element with 'locator' --->By.cssSelector: [href='/login']
18:54:42  INFO  manager.MyListener - Start find element with 'locator' --->By.cssSelector: [data-test-id='header-member-menu-button']
18:54:42  INFO  manager.MyListener - End of find element with 'locator' --->By.cssSelector: [data-test-id='header-member-menu-button']
18:54:42  INFO  manager.MyListener - Start find element with 'locator' --->By.cssSelector: [data-test-id="header-member-menu-profile"]
18:54:42  INFO  manager.MyListener - End of find element with 'locator' --->By.cssSelector: [data-test-id="header-member-menu-profile"]
18:54:42  INFO  manager.MyListener - Start find element with 'locator' --->By.xpath: //a[text()='Atlassian profile']
18:54:42  INFO  manager.MyListener - End of find element with 'locator' --->By.xpath: //a[text()='Atlassian profile']
18:54:46  INFO  manager.MyListener - Start find element with 'locator' --->By.cssSelector: [data-test-selector='profile-avatar']
18:54:46  INFO  manager.MyListener - End of find element with 'locator' --->By.cssSelector: [data-test-selector='profile-avatar']
18:54:49  INFO  manager.MyListener - Start find element with 'locator' --->By.xpath: //*[text()='Change profile photo']
18:54:49  INFO  manager.MyListener - End of find element with 'locator' --->By.xpath: //*[text()='Change profile photo']
18:54:49  INFO  manager.MyListener - Start find element with 'locator' --->By.cssSelector: #image-input
18:54:49  INFO  manager.MyListener - End of find element with 'locator' --->By.cssSelector: #image-input
18:54:49  INFO  manager.MyListener - Start find element with 'locator' --->By.xpath: //button[.='Upload']
18:54:49  INFO  manager.MyListener - End of find element with 'locator' --->By.xpath: //button[.='Upload']
18:54:50  INFO  manager.MyListener - Start find element with 'locator' --->By.cssSelector: .css-ygd4ga
18:54:51  INFO  manager.MyListener - End of find element with 'locator' --->By.cssSelector: .css-ygd4ga
18:54:51  INFO  manager.MyListener - Start find element with 'locator' --->By.xpath: //span[text()='Avatar added']
18:54:51  INFO  manager.MyListener - End of find element with 'locator' --->By.xpath: //span[text()='Avatar added']
