19:21:19  INFO  manager.MyListener - Start find element with 'locator' --->By.cssSelector: [aria-label='Open member menu']
19:21:29  INFO  manager.MyListener - End of find element with 'locator' --->By.cssSelector: [aria-label='Open member menu']
19:21:29  INFO  manager.MyListener - Start find element with 'locator' --->By.cssSelector: [href='/login']
19:21:29  INFO  manager.MyListener - End of find element with 'locator' --->By.cssSelector: [href='/login']
19:21:29  INFO  manager.MyListener - Start find element with 'locator' --->By.cssSelector: [href='/login']
19:21:29  INFO  manager.MyListener - End of find element with 'locator' --->By.cssSelector: [href='/login']
19:21:30  INFO  manager.MyListener - Start find element with 'locator' --->By.id: user
19:21:32  INFO  manager.MyListener - End of find element with 'locator' --->By.id: user
19:21:34  INFO  manager.MyListener - Start find element with 'locator' --->By.id: login
19:21:34  INFO  manager.MyListener - End of find element with 'locator' --->By.id: login
19:21:40  INFO  manager.MyListener - Start find element with 'locator' --->By.id: password
19:21:40  INFO  manager.MyListener - End of find element with 'locator' --->By.id: password
19:21:40  INFO  manager.MyListener - Start find element with 'locator' --->By.cssSelector: #login-submit
19:21:40  INFO  manager.MyListener - End of find element with 'locator' --->By.cssSelector: #login-submit
19:21:40  INFO  manager.MyListener - Start find element with 'locator' --->By.cssSelector: [aria-label='Open member menu']
19:21:52  INFO  manager.MyListener - End of find element with 'locator' --->By.cssSelector: [aria-label='Open member menu']
19:21:52  INFO  manager.MyListener - Start find element with 'locator' --->By.cssSelector: [href='/login']
19:22:02  INFO  manager.MyListener - End of find element with 'locator' --->By.cssSelector: [href='/login']
19:22:02  INFO  manager.MyListener - Start find element with 'locator' --->By.cssSelector: .content-all-boards>div>div:nth-child(2) li
19:22:02  INFO  manager.MyListener - End of find element with 'locator' --->By.cssSelector: .content-all-boards>div>div:nth-child(2) li
19:22:02  INFO  manager.MyListener - Start find element with 'locator' --->By.cssSelector: [data-test-id ='create-board-tile']
19:22:02  INFO  manager.MyListener - End of find element with 'locator' --->By.cssSelector: [data-test-id ='create-board-tile']
19:22:02  INFO  manager.MyListener - Start find element with 'locator' --->By.cssSelector: [data-test-id ='create-board-title-input']
19:22:02  INFO  manager.MyListener - End of find element with 'locator' --->By.cssSelector: [data-test-id ='create-board-title-input']
19:22:04  INFO  manager.MyListener - Start find element with 'locator' --->By.cssSelector: button[title='Green']
19:22:04  INFO  manager.MyListener - End of find element with 'locator' --->By.cssSelector: button[title='Green']
19:22:05  INFO  manager.MyListener - Start find element with 'locator' --->By.cssSelector: [data-test-id='create-board-submit-button']
19:22:05  INFO  manager.MyListener - End of find element with 'locator' --->By.cssSelector: [data-test-id='create-board-submit-button']
19:22:07  INFO  manager.MyListener - Start find element with 'locator' --->By.cssSelector: [aria-label='Back to home']
19:22:08  INFO  manager.MyListener - End of find element with 'locator' --->By.cssSelector: [aria-label='Back to home']
19:22:12  INFO  manager.MyListener - Start find element with 'locator' --->By.cssSelector: .content-all-boards>div>div:nth-child(3) li
19:22:12  INFO  manager.MyListener - End of find element with 'locator' --->By.cssSelector: .content-all-boards>div>div:nth-child(3) li
19:22:12  INFO  tests.TestBase - Count of boards before test was :5
19:22:12  INFO  manager.MyListener - Start find element with 'locator' --->By.cssSelector: .board-tile-details
19:22:13  INFO  manager.MyListener - End of find element with 'locator' --->By.cssSelector: .board-tile-details
19:22:14  INFO  manager.MyListener - Start find element with 'locator' --->By.cssSelector: .js-show-sidebar
19:22:15  INFO  manager.MyListener - End of find element with 'locator' --->By.cssSelector: .js-show-sidebar
19:22:15  INFO  manager.MyListener - Start find element with 'locator' --->By.cssSelector: .js-open-more
19:22:15  INFO  manager.MyListener - End of find element with 'locator' --->By.cssSelector: .js-open-more
19:22:16  INFO  manager.MyListener - Start find element with 'locator' --->By.cssSelector: .js-close-board
19:22:16  INFO  manager.MyListener - End of find element with 'locator' --->By.cssSelector: .js-close-board
19:22:16  INFO  manager.MyListener - Start find element with 'locator' --->By.cssSelector: .js-confirm
19:22:16  INFO  manager.MyListener - End of find element with 'locator' --->By.cssSelector: .js-confirm
19:22:16  INFO  manager.MyListener - Start find element with 'locator' --->By.cssSelector: [data-test-id='close-board-big-message']
19:22:17  INFO  manager.MyListener - End of find element with 'locator' --->By.cssSelector: [data-test-id='close-board-big-message']
19:22:17  INFO  manager.MyListener - Start find element with 'locator' --->By.cssSelector: [data-test-id='close-board-delete-board-button']
19:22:17  INFO  manager.MyListener - End of find element with 'locator' --->By.cssSelector: [data-test-id='close-board-delete-board-button']
19:22:17  INFO  manager.MyListener - Start find element with 'locator' --->By.cssSelector: [data-test-id='close-board-delete-board-confirm-button']
19:22:17  INFO  manager.MyListener - End of find element with 'locator' --->By.cssSelector: [data-test-id='close-board-delete-board-confirm-button']
19:22:18  INFO  manager.MyListener - Start find element with 'locator' --->By.xpath: //h3[text()='YOUR WORKSPACES']
19:22:21  INFO  manager.MyListener - End of find element with 'locator' --->By.xpath: //h3[text()='YOUR WORKSPACES']
19:22:21  INFO  manager.MyListener - Start find element with 'locator' --->By.cssSelector: .content-all-boards>div>div:nth-child(2) li
19:22:21  INFO  manager.MyListener - End of find element with 'locator' --->By.cssSelector: .content-all-boards>div>div:nth-child(2) li
19:22:21  INFO  tests.TestBase - Count of boards after test was :4
