17:57:57  INFO  manager.MyListener - Start find element with 'locator' --->By.cssSelector: [href='/login']
17:57:57  INFO  manager.MyListener - End of find element with 'locator' --->By.cssSelector: [href='/login']
17:57:57  INFO  manager.MyListener - Start find element with 'locator' --->By.cssSelector: [href='/login']
17:57:57  INFO  manager.MyListener - End of find element with 'locator' --->By.cssSelector: [href='/login']
17:57:57  INFO  manager.MyListener - Start find element with 'locator' --->By.cssSelector: [href='/login']
17:57:57  INFO  manager.MyListener - End of find element with 'locator' --->By.cssSelector: [href='/login']
17:57:57  INFO  manager.MyListener - Start find element with 'locator' --->By.id: user
17:57:59  INFO  manager.MyListener - End of find element with 'locator' --->By.id: user
17:58:00  INFO  manager.MyListener - Start find element with 'locator' --->By.id: login
17:58:00  INFO  manager.MyListener - End of find element with 'locator' --->By.id: login
17:58:02  INFO  manager.MyListener - Start find element with 'locator' --->By.id: password
17:58:05  INFO  manager.MyListener - End of find element with 'locator' --->By.id: password
17:58:05  INFO  manager.MyListener - Start find element with 'locator' --->By.cssSelector: #login-submit
17:58:06  INFO  manager.MyListener - End of find element with 'locator' --->By.cssSelector: #login-submit
17:58:06  INFO  manager.MyListener - Start find element with 'locator' --->By.cssSelector: [data-test-id='header-member-menu-button']
17:58:16  INFO  manager.MyListener - End of find element with 'locator' --->By.cssSelector: [data-test-id='header-member-menu-button']
17:58:16  INFO  manager.MyListener - Start find element with 'locator' --->By.cssSelector: [data-test-id="header-member-menu-profile"]
17:58:17  INFO  manager.MyListener - End of find element with 'locator' --->By.cssSelector: [data-test-id="header-member-menu-profile"]
17:58:17  INFO  manager.MyListener - Start find element with 'locator' --->By.xpath: //a[text()='Atlassian profile']
17:58:19  INFO  manager.MyListener - End of find element with 'locator' --->By.xpath: //a[text()='Atlassian profile']
17:58:25  INFO  manager.MyListener - Start find element with 'locator' --->By.cssSelector: [data-test-selector='profile-avatar']
17:58:26  INFO  manager.MyListener - End of find element with 'locator' --->By.cssSelector: [data-test-selector='profile-avatar']
17:58:29  INFO  manager.MyListener - Start find element with 'locator' --->By.xpath: //*[text()='Change profile photo']
17:58:29  INFO  manager.MyListener - End of find element with 'locator' --->By.xpath: //*[text()='Change profile photo']
17:58:30  INFO  manager.MyListener - Start find element with 'locator' --->By.cssSelector: #image-input
17:58:30  INFO  manager.MyListener - End of find element with 'locator' --->By.cssSelector: #image-input
17:58:30  INFO  manager.MyListener - Start find element with 'locator' --->By.xpath: //button[.='Upload']
17:58:31  INFO  manager.MyListener - End of find element with 'locator' --->By.xpath: //button[.='Upload']
17:58:31  INFO  manager.MyListener - Start find element with 'locator' --->By.cssSelector: .css-ygd4ga
17:58:41  INFO  manager.MyListener - We have a throwable ---> no such element: Unable to locate element: {"method":"css selector","selector":".css-ygd4ga"}
  (Session info: chrome=99.0.4844.74)
For documentation on this error, please visit: https://selenium.dev/exceptions/#no_such_element
Build info: version: '4.1.2', revision: '9a5a329c5a'
System info: host: 'MacBook-Pro-Taya.local', ip: 'fe80:0:0:0:1460:97c3:c17a:e33a%en0', os.name: 'Mac OS X', os.arch: 'x86_64', os.version: '10.16', java.version: '1.8.0_151'
Driver info: org.openqa.selenium.chrome.ChromeDriver
Command: [feac92d3cfae5c308e8ab12bebfc1751, findElement {using=css selector, value=.css-ygd4ga}]
Capabilities {acceptInsecureCerts: false, browserName: chrome, browserVersion: 99.0.4844.74, chrome: {chromedriverVersion: 98.0.4758.48 (d869ab3eda606..., userDataDir: /var/folders/s_/hl4vhy0959g...}, goog:chromeOptions: {debuggerAddress: localhost:50652}, javascriptEnabled: true, networkConnectionEnabled: false, pageLoadStrategy: normal, platform: MAC, platformName: MAC, proxy: Proxy(), se:cdp: ws://localhost:50652/devtoo..., se:cdpVersion: 99.0.4844.74, setWindowRect: true, strictFileInteractability: false, timeouts: {implicit: 0, pageLoad: 300000, script: 30000}, unhandledPromptBehavior: dismiss and notify, webauthn:extension:credBlob: true, webauthn:extension:largeBlob: true, webauthn:virtualAuthenticators: true}
Session ID: feac92d3cfae5c308e8ab12bebfc1751
17:58:41  INFO  manager.MyListener - **************
17:58:41  INFO  manager.MyListener - We have a throwable ---> org.openqa.selenium.NoSuchElementException: no such element: Unable to locate element: {"method":"css selector","selector":".css-ygd4ga"}
  (Session info: chrome=99.0.4844.74)
For documentation on this error, please visit: https://selenium.dev/exceptions/#no_such_element
Build info: version: '4.1.2', revision: '9a5a329c5a'
System info: host: 'MacBook-Pro-Taya.local', ip: 'fe80:0:0:0:1460:97c3:c17a:e33a%en0', os.name: 'Mac OS X', os.arch: 'x86_64', os.version: '10.16', java.version: '1.8.0_151'
Driver info: org.openqa.selenium.chrome.ChromeDriver
Command: [feac92d3cfae5c308e8ab12bebfc1751, findElement {using=css selector, value=.css-ygd4ga}]
Capabilities {acceptInsecureCerts: false, browserName: chrome, browserVersion: 99.0.4844.74, chrome: {chromedriverVersion: 98.0.4758.48 (d869ab3eda606..., userDataDir: /var/folders/s_/hl4vhy0959g...}, goog:chromeOptions: {debuggerAddress: localhost:50652}, javascriptEnabled: true, networkConnectionEnabled: false, pageLoadStrategy: normal, platform: MAC, platformName: MAC, proxy: Proxy(), se:cdp: ws://localhost:50652/devtoo..., se:cdpVersion: 99.0.4844.74, setWindowRect: true, strictFileInteractability: false, timeouts: {implicit: 0, pageLoad: 300000, script: 30000}, unhandledPromptBehavior: dismiss and notify, webauthn:extension:credBlob: true, webauthn:extension:largeBlob: true, webauthn:virtualAuthenticators: true}
Session ID: feac92d3cfae5c308e8ab12bebfc1751
17:58:41  INFO  manager.MyListener - **************
17:58:41  INFO  manager.MyListener - Screen with throwable  ---> src/test/screenshots/screenshot-3521.png
