18:46:26  INFO  manager.MyListener - Start find element with 'locator' --->By.cssSelector: [href='/login']
18:46:26  INFO  manager.MyListener - End of find element with 'locator' --->By.cssSelector: [href='/login']
18:46:26  INFO  manager.MyListener - Start find element with 'locator' --->By.cssSelector: [href='/login']
18:46:26  INFO  manager.MyListener - End of find element with 'locator' --->By.cssSelector: [href='/login']
18:46:26  INFO  manager.MyListener - Start find element with 'locator' --->By.id: user
18:46:29  INFO  manager.MyListener - End of find element with 'locator' --->By.id: user
18:46:30  INFO  manager.MyListener - Start find element with 'locator' --->By.id: login
18:46:30  INFO  manager.MyListener - End of find element with 'locator' --->By.id: login
18:46:32  INFO  manager.MyListener - Start find element with 'locator' --->By.id: password
18:46:34  INFO  manager.MyListener - End of find element with 'locator' --->By.id: password
18:46:34  INFO  manager.MyListener - Start find element with 'locator' --->By.cssSelector: #login-submit
18:46:34  INFO  manager.MyListener - End of find element with 'locator' --->By.cssSelector: #login-submit
18:46:35  INFO  manager.MyListener - Start find element with 'locator' --->By.cssSelector: [data-test-id='header-member-menu-button']
18:46:42  INFO  manager.MyListener - End of find element with 'locator' --->By.cssSelector: [data-test-id='header-member-menu-button']
18:46:43  INFO  manager.MyListener - Start find element with 'locator' --->By.cssSelector: [data-test-id="header-member-menu-profile"]
18:46:43  INFO  manager.MyListener - End of find element with 'locator' --->By.cssSelector: [data-test-id="header-member-menu-profile"]
18:46:43  INFO  manager.MyListener - Start find element with 'locator' --->By.xpath: //a[text()='Atlassian profile']
18:46:44  INFO  manager.MyListener - End of find element with 'locator' --->By.xpath: //a[text()='Atlassian profile']
18:46:47  INFO  manager.MyListener - Start find element with 'locator' --->By.cssSelector: [data-test-selector='profile-avatar']
18:46:51  INFO  manager.MyListener - End of find element with 'locator' --->By.cssSelector: [data-test-selector='profile-avatar']
18:46:54  INFO  manager.MyListener - Start find element with 'locator' --->By.xpath: //*[text()='Change profile photo']
18:46:54  INFO  manager.MyListener - End of find element with 'locator' --->By.xpath: //*[text()='Change profile photo']
18:46:54  INFO  manager.MyListener - Start find element with 'locator' --->By.cssSelector: #image-input
18:46:55  INFO  manager.MyListener - End of find element with 'locator' --->By.cssSelector: #image-input
18:46:55  INFO  manager.MyListener - Start find element with 'locator' --->By.xpath: //button[.='Upload']
18:46:55  INFO  manager.MyListener - End of find element with 'locator' --->By.xpath: //button[.='Upload']
18:46:56  INFO  manager.MyListener - Start find element with 'locator' --->By.cssSelector: .css-ygd4ga
18:46:57  INFO  manager.MyListener - End of find element with 'locator' --->By.cssSelector: .css-ygd4ga
18:46:57  INFO  manager.MyListener - Start find element with 'locator' --->By.xpath: //span[text()='Avatar added']
18:46:57  INFO  manager.MyListener - End of find element with 'locator' --->By.xpath: //span[text()='Avatar added']
