14:32:03  INFO  manager.MyListener - Start find element with 'locator' --->By.cssSelector: [href='/login']
14:32:03  INFO  manager.MyListener - End of find element with 'locator' --->By.cssSelector: [href='/login']
14:32:03  INFO  manager.MyListener - Start find element with 'locator' --->By.cssSelector: [href='/login']
14:32:03  INFO  manager.MyListener - End of find element with 'locator' --->By.cssSelector: [href='/login']
14:32:03  INFO  manager.MyListener - Start find element with 'locator' --->By.cssSelector: [href='/login']
14:32:03  INFO  manager.MyListener - End of find element with 'locator' --->By.cssSelector: [href='/login']
14:32:03  INFO  manager.MyListener - Start find element with 'locator' --->By.id: user
14:32:04  INFO  manager.MyListener - End of find element with 'locator' --->By.id: user
14:32:04  INFO  manager.MyListener - Start find element with 'locator' --->By.id: login
14:32:04  INFO  manager.MyListener - End of find element with 'locator' --->By.id: login
14:32:07  INFO  manager.MyListener - Start find element with 'locator' --->By.id: password
14:32:07  INFO  manager.MyListener - End of find element with 'locator' --->By.id: password
14:32:08  INFO  manager.MyListener - Start find element with 'locator' --->By.cssSelector: #login-submit
14:32:08  INFO  manager.MyListener - End of find element with 'locator' --->By.cssSelector: #login-submit
14:32:08  INFO  manager.MyListener - Start find element with 'locator' --->By.cssSelector: [data-test-id='header-member-menu-button']
14:32:13  INFO  manager.MyListener - End of find element with 'locator' --->By.cssSelector: [data-test-id='header-member-menu-button']
14:32:13  INFO  manager.MyListener - Start find element with 'locator' --->By.cssSelector: [data-test-id="header-member-menu-profile"]
14:32:14  INFO  manager.MyListener - End of find element with 'locator' --->By.cssSelector: [data-test-id="header-member-menu-profile"]
14:32:14  INFO  manager.MyListener - Start find element with 'locator' --->By.xpath: //a[text()='Atlassian profile']
14:32:14  INFO  manager.MyListener - End of find element with 'locator' --->By.xpath: //a[text()='Atlassian profile']
14:32:18  INFO  manager.MyListener - Start find element with 'locator' --->By.cssSelector: [data-test-selector='profile-avatar']
14:32:19  INFO  manager.MyListener - End of find element with 'locator' --->By.cssSelector: [data-test-selector='profile-avatar']
14:32:22  INFO  manager.MyListener - Start find element with 'locator' --->By.xpath: //*[text()='Change profile photo']
14:32:22  INFO  manager.MyListener - End of find element with 'locator' --->By.xpath: //*[text()='Change profile photo']
14:32:22  INFO  manager.MyListener - Start find element with 'locator' --->By.cssSelector: #image-input
14:32:22  INFO  manager.MyListener - End of find element with 'locator' --->By.cssSelector: #image-input
14:32:22  INFO  manager.MyListener - Start find element with 'locator' --->By.xpath: //button[.='Upload']
14:32:22  INFO  manager.MyListener - End of find element with 'locator' --->By.xpath: //button[.='Upload']
14:32:23  INFO  manager.MyListener - Start find element with 'locator' --->By.cssSelector: .css-ygd4ga
14:32:25  INFO  manager.MyListener - End of find element with 'locator' --->By.cssSelector: .css-ygd4ga
14:32:25  INFO  manager.MyListener - Start find element with 'locator' --->By.xpath: //span[text()='Avatar added']
14:32:25  INFO  manager.MyListener - End of find element with 'locator' --->By.xpath: //span[text()='Avatar added']
14:32:26  INFO  manager.MyListener - Start find element with 'locator' --->By.cssSelector: [href='/login']
14:32:36  INFO  manager.MyListener - End of find element with 'locator' --->By.cssSelector: [href='/login']
14:32:36  INFO  manager.MyListener - Start find element with 'locator' --->By.cssSelector: [data-test-id='header-member-menu-button']
14:32:36  INFO  manager.MyListener - End of find element with 'locator' --->By.cssSelector: [data-test-id='header-member-menu-button']
14:32:36  INFO  manager.MyListener - Start find element with 'locator' --->By.cssSelector: [data-test-id="header-member-menu-profile"]
14:32:36  INFO  manager.MyListener - End of find element with 'locator' --->By.cssSelector: [data-test-id="header-member-menu-profile"]
14:32:36  INFO  manager.MyListener - Start find element with 'locator' --->By.xpath: //a[text()='Atlassian profile']
14:32:36  INFO  manager.MyListener - End of find element with 'locator' --->By.xpath: //a[text()='Atlassian profile']
14:32:39  INFO  manager.MyListener - Start find element with 'locator' --->By.cssSelector: [data-test-selector='profile-avatar']
14:32:39  INFO  manager.MyListener - End of find element with 'locator' --->By.cssSelector: [data-test-selector='profile-avatar']
14:32:42  INFO  manager.MyListener - Start find element with 'locator' --->By.xpath: //*[text()='Change profile photo']
14:32:42  INFO  manager.MyListener - End of find element with 'locator' --->By.xpath: //*[text()='Change profile photo']
14:32:42  INFO  manager.MyListener - Start find element with 'locator' --->By.cssSelector: #image-input
14:32:42  INFO  manager.MyListener - End of find element with 'locator' --->By.cssSelector: #image-input
14:32:43  INFO  manager.MyListener - Start find element with 'locator' --->By.xpath: //button[.='Upload']
14:32:43  INFO  manager.MyListener - End of find element with 'locator' --->By.xpath: //button[.='Upload']
14:32:43  INFO  manager.MyListener - Start find element with 'locator' --->By.cssSelector: .css-ygd4ga
14:32:46  INFO  manager.MyListener - End of find element with 'locator' --->By.cssSelector: .css-ygd4ga
14:32:46  INFO  manager.MyListener - Start find element with 'locator' --->By.xpath: //span[text()='Avatar added']
14:32:46  INFO  manager.MyListener - End of find element with 'locator' --->By.xpath: //span[text()='Avatar added']
