18:30:07  INFO  manager.MyListener - Start find element with 'locator' --->By.cssSelector: [aria-label='Open member menu']
18:30:17  INFO  manager.MyListener - End of find element with 'locator' --->By.cssSelector: [aria-label='Open member menu']
18:30:17  INFO  manager.MyListener - Start find element with 'locator' --->By.cssSelector: [href='/login']
18:30:17  INFO  manager.MyListener - End of find element with 'locator' --->By.cssSelector: [href='/login']
18:30:17  INFO  manager.MyListener - Start find element with 'locator' --->By.cssSelector: [href='/login']
18:30:17  INFO  manager.MyListener - End of find element with 'locator' --->By.cssSelector: [href='/login']
18:30:17  INFO  manager.MyListener - Start find element with 'locator' --->By.id: user
18:30:20  INFO  manager.MyListener - End of find element with 'locator' --->By.id: user
18:30:22  INFO  manager.MyListener - Start find element with 'locator' --->By.id: login
18:30:22  INFO  manager.MyListener - End of find element with 'locator' --->By.id: login
18:30:28  INFO  manager.MyListener - Start find element with 'locator' --->By.id: password
18:30:28  INFO  manager.MyListener - End of find element with 'locator' --->By.id: password
18:30:29  INFO  manager.MyListener - Start find element with 'locator' --->By.cssSelector: #login-submit
18:30:29  INFO  manager.MyListener - End of find element with 'locator' --->By.cssSelector: #login-submit
18:30:29  INFO  manager.MyListener - Start find element with 'locator' --->By.cssSelector: [aria-label='Open member menu']
18:30:39  INFO  manager.MyListener - End of find element with 'locator' --->By.cssSelector: [aria-label='Open member menu']
18:30:39  INFO  manager.MyListener - Start find element with 'locator' --->By.cssSelector: [href='/login']
18:30:50  INFO  manager.MyListener - We have a throwable ---> no such element: Unable to locate element: {"method":"css selector","selector":"[href='/login']"}
  (Session info: chrome=99.0.4844.74)
For documentation on this error, please visit: https://selenium.dev/exceptions/#no_such_element
Build info: version: '4.1.2', revision: '9a5a329c5a'
System info: host: 'MacBook-Pro-Taya.local', ip: 'fe80:0:0:0:1460:97c3:c17a:e33a%en0', os.name: 'Mac OS X', os.arch: 'x86_64', os.version: '10.16', java.version: '1.8.0_151'
Driver info: org.openqa.selenium.chrome.ChromeDriver
Command: [320a0c30a195761c59911a5463ed3f82, findElement {using=css selector, value=[href='/login']}]
Capabilities {acceptInsecureCerts: false, browserName: chrome, browserVersion: 99.0.4844.74, chrome: {chromedriverVersion: 98.0.4758.48 (d869ab3eda606..., userDataDir: /var/folders/s_/hl4vhy0959g...}, goog:chromeOptions: {debuggerAddress: localhost:51587}, javascriptEnabled: true, networkConnectionEnabled: false, pageLoadStrategy: normal, platform: MAC, platformName: MAC, proxy: Proxy(), se:cdp: ws://localhost:51587/devtoo..., se:cdpVersion: 99.0.4844.74, setWindowRect: true, strictFileInteractability: false, timeouts: {implicit: 0, pageLoad: 300000, script: 30000}, unhandledPromptBehavior: dismiss and notify, webauthn:extension:credBlob: true, webauthn:extension:largeBlob: true, webauthn:virtualAuthenticators: true}
Session ID: 320a0c30a195761c59911a5463ed3f82
18:30:50  INFO  manager.MyListener - **************
18:30:50  INFO  manager.MyListener - We have a throwable ---> org.openqa.selenium.NoSuchElementException: no such element: Unable to locate element: {"method":"css selector","selector":"[href='/login']"}
  (Session info: chrome=99.0.4844.74)
For documentation on this error, please visit: https://selenium.dev/exceptions/#no_such_element
Build info: version: '4.1.2', revision: '9a5a329c5a'
System info: host: 'MacBook-Pro-Taya.local', ip: 'fe80:0:0:0:1460:97c3:c17a:e33a%en0', os.name: 'Mac OS X', os.arch: 'x86_64', os.version: '10.16', java.version: '1.8.0_151'
Driver info: org.openqa.selenium.chrome.ChromeDriver
Command: [320a0c30a195761c59911a5463ed3f82, findElement {using=css selector, value=[href='/login']}]
Capabilities {acceptInsecureCerts: false, browserName: chrome, browserVersion: 99.0.4844.74, chrome: {chromedriverVersion: 98.0.4758.48 (d869ab3eda606..., userDataDir: /var/folders/s_/hl4vhy0959g...}, goog:chromeOptions: {debuggerAddress: localhost:51587}, javascriptEnabled: true, networkConnectionEnabled: false, pageLoadStrategy: normal, platform: MAC, platformName: MAC, proxy: Proxy(), se:cdp: ws://localhost:51587/devtoo..., se:cdpVersion: 99.0.4844.74, setWindowRect: true, strictFileInteractability: false, timeouts: {implicit: 0, pageLoad: 300000, script: 30000}, unhandledPromptBehavior: dismiss and notify, webauthn:extension:credBlob: true, webauthn:extension:largeBlob: true, webauthn:virtualAuthenticators: true}
Session ID: 320a0c30a195761c59911a5463ed3f82
18:30:50  INFO  manager.MyListener - **************
18:30:50  INFO  manager.MyListener - Screen with throwable  ---> src/test/screenshots/screenshot-1850.png
18:30:50  INFO  manager.MyListener - Start find element with 'locator' --->By.cssSelector: [href='/login']
18:31:00  INFO  manager.MyListener - End of find element with 'locator' --->By.cssSelector: [href='/login']
18:31:00  INFO  manager.MyListener - Start find element with 'locator' --->By.cssSelector: .content-all-boards>div>div:nth-child(2) li
18:31:00  INFO  manager.MyListener - End of find element with 'locator' --->By.cssSelector: .content-all-boards>div>div:nth-child(2) li
18:31:00  INFO  manager.MyListener - Start find element with 'locator' --->By.cssSelector: [data-test-id ='create-board-tile']
18:31:00  INFO  manager.MyListener - End of find element with 'locator' --->By.cssSelector: [data-test-id ='create-board-tile']
18:31:01  INFO  manager.MyListener - Start find element with 'locator' --->By.cssSelector: [data-test-id ='create-board-title-input']
18:31:01  INFO  manager.MyListener - End of find element with 'locator' --->By.cssSelector: [data-test-id ='create-board-title-input']
18:31:03  INFO  manager.MyListener - Start find element with 'locator' --->By.cssSelector: button[title='Green']
18:31:03  INFO  manager.MyListener - End of find element with 'locator' --->By.cssSelector: button[title='Green']
18:31:03  INFO  manager.MyListener - Start find element with 'locator' --->By.cssSelector: [data-test-id='create-board-submit-button']
18:31:03  INFO  manager.MyListener - End of find element with 'locator' --->By.cssSelector: [data-test-id='create-board-submit-button']
18:31:05  INFO  manager.MyListener - Start find element with 'locator' --->By.cssSelector: [aria-label='Back to home']
18:31:08  INFO  manager.MyListener - End of find element with 'locator' --->By.cssSelector: [aria-label='Back to home']
18:31:11  INFO  manager.MyListener - Start find element with 'locator' --->By.cssSelector: .content-all-boards>div>div:nth-child(3) li
18:31:11  INFO  manager.MyListener - End of find element with 'locator' --->By.cssSelector: .content-all-boards>div>div:nth-child(3) li
18:31:11  INFO  tests.TestBase - Count of boards before test was :4
18:31:11  INFO  manager.MyListener - Start find element with 'locator' --->By.cssSelector: .board-tile-details
18:31:11  INFO  manager.MyListener - End of find element with 'locator' --->By.cssSelector: .board-tile-details
18:31:11  INFO  manager.MyListener - Start find element with 'locator' --->By.cssSelector: .js-show-sidebar
18:31:13  INFO  manager.MyListener - End of find element with 'locator' --->By.cssSelector: .js-show-sidebar
18:31:13  INFO  manager.MyListener - Start find element with 'locator' --->By.cssSelector: .js-open-more
18:31:13  INFO  manager.MyListener - End of find element with 'locator' --->By.cssSelector: .js-open-more
18:31:13  INFO  manager.MyListener - Start find element with 'locator' --->By.cssSelector: .js-close-board
18:31:14  INFO  manager.MyListener - End of find element with 'locator' --->By.cssSelector: .js-close-board
18:31:14  INFO  manager.MyListener - Start find element with 'locator' --->By.cssSelector: .js-confirm
18:31:14  INFO  manager.MyListener - End of find element with 'locator' --->By.cssSelector: .js-confirm
18:31:14  INFO  manager.MyListener - Start find element with 'locator' --->By.cssSelector: [data-test-id='close-board-big-message']
18:31:15  INFO  manager.MyListener - End of find element with 'locator' --->By.cssSelector: [data-test-id='close-board-big-message']
18:31:15  INFO  manager.MyListener - Start find element with 'locator' --->By.cssSelector: [data-test-id='close-board-delete-board-button']
18:31:15  INFO  manager.MyListener - End of find element with 'locator' --->By.cssSelector: [data-test-id='close-board-delete-board-button']
18:31:15  INFO  manager.MyListener - Start find element with 'locator' --->By.cssSelector: [data-test-id='close-board-delete-board-confirm-button']
18:31:16  INFO  manager.MyListener - End of find element with 'locator' --->By.cssSelector: [data-test-id='close-board-delete-board-confirm-button']
18:31:16  INFO  manager.MyListener - Start find element with 'locator' --->By.xpath: //h3[text()='YOUR WORKSPACES']
18:31:19  INFO  manager.MyListener - End of find element with 'locator' --->By.xpath: //h3[text()='YOUR WORKSPACES']
18:31:19  INFO  manager.MyListener - Start find element with 'locator' --->By.cssSelector: .content-all-boards>div>div:nth-child(2) li
18:31:19  INFO  manager.MyListener - End of find element with 'locator' --->By.cssSelector: .content-all-boards>div>div:nth-child(2) li
18:31:19  INFO  tests.TestBase - Count of boards after test was :3
18:31:19  INFO  manager.MyListener - Start find element with 'locator' --->By.cssSelector: [href='/login']
18:31:29  INFO  manager.MyListener - End of find element with 'locator' --->By.cssSelector: [href='/login']
18:31:29  INFO  manager.MyListener - Start find element with 'locator' --->By.cssSelector: [data-test-id='header-member-menu-button']
18:31:29  INFO  manager.MyListener - End of find element with 'locator' --->By.cssSelector: [data-test-id='header-member-menu-button']
18:31:29  INFO  manager.MyListener - Start find element with 'locator' --->By.cssSelector: [data-test-id="header-member-menu-profile"]
18:31:30  INFO  manager.MyListener - End of find element with 'locator' --->By.cssSelector: [data-test-id="header-member-menu-profile"]
18:31:30  INFO  manager.MyListener - Start find element with 'locator' --->By.xpath: //a[text()='Atlassian profile']
18:31:32  INFO  manager.MyListener - End of find element with 'locator' --->By.xpath: //a[text()='Atlassian profile']
18:31:38  INFO  manager.MyListener - Start find element with 'locator' --->By.cssSelector: [data-test-selector='profile-avatar']
18:31:39  INFO  manager.MyListener - End of find element with 'locator' --->By.cssSelector: [data-test-selector='profile-avatar']
18:31:43  INFO  manager.MyListener - Start find element with 'locator' --->By.xpath: //*[text()='Change profile photo']
18:31:43  INFO  manager.MyListener - End of find element with 'locator' --->By.xpath: //*[text()='Change profile photo']
18:31:43  INFO  manager.MyListener - Start find element with 'locator' --->By.cssSelector: #image-input
18:31:43  INFO  manager.MyListener - End of find element with 'locator' --->By.cssSelector: #image-input
18:31:44  INFO  manager.MyListener - Start find element with 'locator' --->By.xpath: //button[.='Upload']
18:31:44  INFO  manager.MyListener - End of find element with 'locator' --->By.xpath: //button[.='Upload']
18:31:47  INFO  manager.MyListener - Start find element with 'locator' --->By.cssSelector: .css-ygd4ga
18:31:57  INFO  manager.MyListener - We have a throwable ---> no such element: Unable to locate element: {"method":"css selector","selector":".css-ygd4ga"}
  (Session info: chrome=99.0.4844.74)
For documentation on this error, please visit: https://selenium.dev/exceptions/#no_such_element
Build info: version: '4.1.2', revision: '9a5a329c5a'
System info: host: 'MacBook-Pro-Taya.local', ip: 'fe80:0:0:0:1460:97c3:c17a:e33a%en0', os.name: 'Mac OS X', os.arch: 'x86_64', os.version: '10.16', java.version: '1.8.0_151'
Driver info: org.openqa.selenium.chrome.ChromeDriver
Command: [320a0c30a195761c59911a5463ed3f82, findElement {using=css selector, value=.css-ygd4ga}]
Capabilities {acceptInsecureCerts: false, browserName: chrome, browserVersion: 99.0.4844.74, chrome: {chromedriverVersion: 98.0.4758.48 (d869ab3eda606..., userDataDir: /var/folders/s_/hl4vhy0959g...}, goog:chromeOptions: {debuggerAddress: localhost:51587}, javascriptEnabled: true, networkConnectionEnabled: false, pageLoadStrategy: normal, platform: MAC, platformName: MAC, proxy: Proxy(), se:cdp: ws://localhost:51587/devtoo..., se:cdpVersion: 99.0.4844.74, setWindowRect: true, strictFileInteractability: false, timeouts: {implicit: 0, pageLoad: 300000, script: 30000}, unhandledPromptBehavior: dismiss and notify, webauthn:extension:credBlob: true, webauthn:extension:largeBlob: true, webauthn:virtualAuthenticators: true}
Session ID: 320a0c30a195761c59911a5463ed3f82
18:31:57  INFO  manager.MyListener - **************
18:31:57  INFO  manager.MyListener - We have a throwable ---> org.openqa.selenium.NoSuchElementException: no such element: Unable to locate element: {"method":"css selector","selector":".css-ygd4ga"}
  (Session info: chrome=99.0.4844.74)
For documentation on this error, please visit: https://selenium.dev/exceptions/#no_such_element
Build info: version: '4.1.2', revision: '9a5a329c5a'
System info: host: 'MacBook-Pro-Taya.local', ip: 'fe80:0:0:0:1460:97c3:c17a:e33a%en0', os.name: 'Mac OS X', os.arch: 'x86_64', os.version: '10.16', java.version: '1.8.0_151'
Driver info: org.openqa.selenium.chrome.ChromeDriver
Command: [320a0c30a195761c59911a5463ed3f82, findElement {using=css selector, value=.css-ygd4ga}]
Capabilities {acceptInsecureCerts: false, browserName: chrome, browserVersion: 99.0.4844.74, chrome: {chromedriverVersion: 98.0.4758.48 (d869ab3eda606..., userDataDir: /var/folders/s_/hl4vhy0959g...}, goog:chromeOptions: {debuggerAddress: localhost:51587}, javascriptEnabled: true, networkConnectionEnabled: false, pageLoadStrategy: normal, platform: MAC, platformName: MAC, proxy: Proxy(), se:cdp: ws://localhost:51587/devtoo..., se:cdpVersion: 99.0.4844.74, setWindowRect: true, strictFileInteractability: false, timeouts: {implicit: 0, pageLoad: 300000, script: 30000}, unhandledPromptBehavior: dismiss and notify, webauthn:extension:credBlob: true, webauthn:extension:largeBlob: true, webauthn:virtualAuthenticators: true}
Session ID: 320a0c30a195761c59911a5463ed3f82
18:31:57  INFO  manager.MyListener - **************
18:31:57  INFO  manager.MyListener - Screen with throwable  ---> src/test/screenshots/screenshot-1917.png
