19:04:48  INFO  manager.MyListener - Start find element with 'locator' --->By.cssSelector: [href='/login']
19:04:48  INFO  manager.MyListener - End of find element with 'locator' --->By.cssSelector: [href='/login']
19:04:48  INFO  manager.MyListener - Start find element with 'locator' --->By.cssSelector: [href='/login']
19:04:48  INFO  manager.MyListener - End of find element with 'locator' --->By.cssSelector: [href='/login']
19:04:48  INFO  manager.MyListener - Start find element with 'locator' --->By.cssSelector: [href='/login']
19:04:48  INFO  manager.MyListener - End of find element with 'locator' --->By.cssSelector: [href='/login']
19:04:49  INFO  manager.MyListener - Start find element with 'locator' --->By.id: user
19:04:50  INFO  manager.MyListener - End of find element with 'locator' --->By.id: user
19:04:51  INFO  manager.MyListener - Start find element with 'locator' --->By.id: login
19:04:51  INFO  manager.MyListener - End of find element with 'locator' --->By.id: login
19:04:53  INFO  manager.MyListener - Start find element with 'locator' --->By.id: password
19:04:54  INFO  manager.MyListener - End of find element with 'locator' --->By.id: password
19:04:55  INFO  manager.MyListener - Start find element with 'locator' --->By.cssSelector: #login-submit
19:04:55  INFO  manager.MyListener - End of find element with 'locator' --->By.cssSelector: #login-submit
19:04:55  INFO  manager.MyListener - Start find element with 'locator' --->By.cssSelector: .content-all-boards>div>div:nth-child(2) li
19:05:03  INFO  manager.MyListener - End of find element with 'locator' --->By.cssSelector: .content-all-boards>div>div:nth-child(2) li
19:05:03  INFO  manager.MyListener - Start find element with 'locator' --->By.cssSelector: [data-test-id ='create-board-tile']
19:05:03  INFO  manager.MyListener - End of find element with 'locator' --->By.cssSelector: [data-test-id ='create-board-tile']
19:05:03  INFO  manager.MyListener - Start find element with 'locator' --->By.cssSelector: [data-test-id ='create-board-title-input']
19:05:04  INFO  manager.MyListener - End of find element with 'locator' --->By.cssSelector: [data-test-id ='create-board-title-input']
19:05:05  INFO  manager.MyListener - Start find element with 'locator' --->By.cssSelector: button[title='Green']
19:05:05  INFO  manager.MyListener - End of find element with 'locator' --->By.cssSelector: button[title='Green']
19:05:05  INFO  manager.MyListener - Start find element with 'locator' --->By.cssSelector: [data-test-id='create-board-submit-button']
19:05:05  INFO  manager.MyListener - End of find element with 'locator' --->By.cssSelector: [data-test-id='create-board-submit-button']
19:05:07  INFO  manager.MyListener - Start find element with 'locator' --->By.cssSelector: [aria-label='Back to home']
19:05:09  INFO  manager.MyListener - End of find element with 'locator' --->By.cssSelector: [aria-label='Back to home']
19:05:10  INFO  manager.MyListener - Start find element with 'locator' --->By.cssSelector: .content-all-boards>div>div:nth-child(3) li
19:05:13  INFO  manager.MyListener - End of find element with 'locator' --->By.cssSelector: .content-all-boards>div>div:nth-child(3) li
19:05:13  INFO  tests.TestBase - Count of boards before test was :5
19:05:17  INFO  manager.MyListener - Start find element with 'locator' --->By.cssSelector: .board-tile-details
19:05:17  INFO  manager.MyListener - End of find element with 'locator' --->By.cssSelector: .board-tile-details
19:05:18  INFO  manager.MyListener - Start find element with 'locator' --->By.cssSelector: .js-show-sidebar
19:05:19  INFO  manager.MyListener - End of find element with 'locator' --->By.cssSelector: .js-show-sidebar
19:05:20  INFO  manager.MyListener - Start find element with 'locator' --->By.cssSelector: .js-open-more
19:05:20  INFO  manager.MyListener - End of find element with 'locator' --->By.cssSelector: .js-open-more
19:05:20  INFO  manager.MyListener - Start find element with 'locator' --->By.cssSelector: .js-close-board
19:05:20  INFO  manager.MyListener - End of find element with 'locator' --->By.cssSelector: .js-close-board
19:05:20  INFO  manager.MyListener - Start find element with 'locator' --->By.cssSelector: .js-confirm
19:05:21  INFO  manager.MyListener - End of find element with 'locator' --->By.cssSelector: .js-confirm
19:05:21  INFO  manager.MyListener - Start find element with 'locator' --->By.cssSelector: [data-test-id='close-board-big-message']
19:05:23  INFO  manager.MyListener - End of find element with 'locator' --->By.cssSelector: [data-test-id='close-board-big-message']
19:05:24  INFO  manager.MyListener - Start find element with 'locator' --->By.cssSelector: [data-test-id='close-board-delete-board-button']
19:05:24  INFO  manager.MyListener - End of find element with 'locator' --->By.cssSelector: [data-test-id='close-board-delete-board-button']
19:05:24  INFO  manager.MyListener - Start find element with 'locator' --->By.cssSelector: [data-test-id='close-board-delete-board-confirm-button']
19:05:24  INFO  manager.MyListener - End of find element with 'locator' --->By.cssSelector: [data-test-id='close-board-delete-board-confirm-button']
19:05:24  INFO  manager.MyListener - Start find element with 'locator' --->By.xpath: //h3[text()='YOUR WORKSPACES']
19:05:27  INFO  manager.MyListener - End of find element with 'locator' --->By.xpath: //h3[text()='YOUR WORKSPACES']
