17:59:52  INFO  manager.MyListener - Start find element with 'locator' --->By.cssSelector: [href='/login']
17:59:52  INFO  manager.MyListener - End of find element with 'locator' --->By.cssSelector: [href='/login']
17:59:52  INFO  manager.MyListener - Start find element with 'locator' --->By.cssSelector: [href='/login']
17:59:52  INFO  manager.MyListener - End of find element with 'locator' --->By.cssSelector: [href='/login']
17:59:52  INFO  manager.MyListener - Start find element with 'locator' --->By.cssSelector: [href='/login']
17:59:52  INFO  manager.MyListener - End of find element with 'locator' --->By.cssSelector: [href='/login']
17:59:52  INFO  manager.MyListener - Start find element with 'locator' --->By.id: user
17:59:53  INFO  manager.MyListener - End of find element with 'locator' --->By.id: user
17:59:54  INFO  manager.MyListener - Start find element with 'locator' --->By.id: login
17:59:54  INFO  manager.MyListener - End of find element with 'locator' --->By.id: login
17:59:56  INFO  manager.MyListener - Start find element with 'locator' --->By.id: password
17:59:57  INFO  manager.MyListener - End of find element with 'locator' --->By.id: password
17:59:57  INFO  manager.MyListener - Start find element with 'locator' --->By.cssSelector: #login-submit
17:59:57  INFO  manager.MyListener - End of find element with 'locator' --->By.cssSelector: #login-submit
17:59:57  INFO  manager.MyListener - Start find element with 'locator' --->By.cssSelector: [data-test-id='header-member-menu-button']
18:00:12  INFO  manager.MyListener - End of find element with 'locator' --->By.cssSelector: [data-test-id='header-member-menu-button']
18:00:14  INFO  manager.MyListener - Start find element with 'locator' --->By.cssSelector: [data-test-id="header-member-menu-profile"]
18:00:14  INFO  manager.MyListener - End of find element with 'locator' --->By.cssSelector: [data-test-id="header-member-menu-profile"]
18:00:14  INFO  manager.MyListener - Start find element with 'locator' --->By.xpath: //a[text()='Atlassian profile']
18:00:17  INFO  manager.MyListener - End of find element with 'locator' --->By.xpath: //a[text()='Atlassian profile']
18:00:30  INFO  manager.MyListener - Start find element with 'locator' --->By.cssSelector: [data-test-selector='profile-avatar']
18:00:30  INFO  manager.MyListener - End of find element with 'locator' --->By.cssSelector: [data-test-selector='profile-avatar']
18:00:33  INFO  manager.MyListener - Start find element with 'locator' --->By.xpath: //*[text()='Change profile photo']
18:00:33  INFO  manager.MyListener - End of find element with 'locator' --->By.xpath: //*[text()='Change profile photo']
18:00:34  INFO  manager.MyListener - Start find element with 'locator' --->By.cssSelector: #image-input
18:00:34  INFO  manager.MyListener - End of find element with 'locator' --->By.cssSelector: #image-input
18:00:34  INFO  manager.MyListener - Start find element with 'locator' --->By.xpath: //button[.='Upload']
18:00:35  INFO  manager.MyListener - End of find element with 'locator' --->By.xpath: //button[.='Upload']
18:00:38  INFO  manager.MyListener - Start find element with 'locator' --->By.cssSelector: .css-ygd4ga
18:00:48  INFO  manager.MyListener - We have a throwable ---> no such element: Unable to locate element: {"method":"css selector","selector":".css-ygd4ga"}
  (Session info: chrome=99.0.4844.74)
For documentation on this error, please visit: https://selenium.dev/exceptions/#no_such_element
Build info: version: '4.1.2', revision: '9a5a329c5a'
System info: host: 'MacBook-Pro-Taya.local', ip: 'fe80:0:0:0:1460:97c3:c17a:e33a%en0', os.name: 'Mac OS X', os.arch: 'x86_64', os.version: '10.16', java.version: '1.8.0_151'
Driver info: org.openqa.selenium.chrome.ChromeDriver
Command: [0fef371c9d455aab6e71f0425f5c4b09, findElement {using=css selector, value=.css-ygd4ga}]
Capabilities {acceptInsecureCerts: false, browserName: chrome, browserVersion: 99.0.4844.74, chrome: {chromedriverVersion: 98.0.4758.48 (d869ab3eda606..., userDataDir: /var/folders/s_/hl4vhy0959g...}, goog:chromeOptions: {debuggerAddress: localhost:50796}, javascriptEnabled: true, networkConnectionEnabled: false, pageLoadStrategy: normal, platform: MAC, platformName: MAC, proxy: Proxy(), se:cdp: ws://localhost:50796/devtoo..., se:cdpVersion: 99.0.4844.74, setWindowRect: true, strictFileInteractability: false, timeouts: {implicit: 0, pageLoad: 300000, script: 30000}, unhandledPromptBehavior: dismiss and notify, webauthn:extension:credBlob: true, webauthn:extension:largeBlob: true, webauthn:virtualAuthenticators: true}
Session ID: 0fef371c9d455aab6e71f0425f5c4b09
18:00:48  INFO  manager.MyListener - **************
18:00:48  INFO  manager.MyListener - We have a throwable ---> org.openqa.selenium.NoSuchElementException: no such element: Unable to locate element: {"method":"css selector","selector":".css-ygd4ga"}
  (Session info: chrome=99.0.4844.74)
For documentation on this error, please visit: https://selenium.dev/exceptions/#no_such_element
Build info: version: '4.1.2', revision: '9a5a329c5a'
System info: host: 'MacBook-Pro-Taya.local', ip: 'fe80:0:0:0:1460:97c3:c17a:e33a%en0', os.name: 'Mac OS X', os.arch: 'x86_64', os.version: '10.16', java.version: '1.8.0_151'
Driver info: org.openqa.selenium.chrome.ChromeDriver
Command: [0fef371c9d455aab6e71f0425f5c4b09, findElement {using=css selector, value=.css-ygd4ga}]
Capabilities {acceptInsecureCerts: false, browserName: chrome, browserVersion: 99.0.4844.74, chrome: {chromedriverVersion: 98.0.4758.48 (d869ab3eda606..., userDataDir: /var/folders/s_/hl4vhy0959g...}, goog:chromeOptions: {debuggerAddress: localhost:50796}, javascriptEnabled: true, networkConnectionEnabled: false, pageLoadStrategy: normal, platform: MAC, platformName: MAC, proxy: Proxy(), se:cdp: ws://localhost:50796/devtoo..., se:cdpVersion: 99.0.4844.74, setWindowRect: true, strictFileInteractability: false, timeouts: {implicit: 0, pageLoad: 300000, script: 30000}, unhandledPromptBehavior: dismiss and notify, webauthn:extension:credBlob: true, webauthn:extension:largeBlob: true, webauthn:virtualAuthenticators: true}
Session ID: 0fef371c9d455aab6e71f0425f5c4b09
18:00:48  INFO  manager.MyListener - **************
18:00:48  INFO  manager.MyListener - Screen with throwable  ---> src/test/screenshots/screenshot-48.png
