19:25:53  INFO  manager.MyListener - Start find element with 'locator' --->By.cssSelector: [href='/login']
19:25:53  INFO  manager.MyListener - End of find element with 'locator' --->By.cssSelector: [href='/login']
19:25:54  INFO  manager.MyListener - Start find element with 'locator' --->By.cssSelector: [href='/login']
19:25:54  INFO  manager.MyListener - End of find element with 'locator' --->By.cssSelector: [href='/login']
19:25:54  INFO  manager.MyListener - Start find element with 'locator' --->By.id: user
19:25:55  INFO  manager.MyListener - End of find element with 'locator' --->By.id: user
19:25:55  INFO  manager.MyListener - Start find element with 'locator' --->By.id: login
19:25:55  INFO  manager.MyListener - End of find element with 'locator' --->By.id: login
19:25:58  INFO  manager.MyListener - Start find element with 'locator' --->By.id: password
19:25:58  INFO  manager.MyListener - End of find element with 'locator' --->By.id: password
19:25:59  INFO  manager.MyListener - Start find element with 'locator' --->By.cssSelector: #login-submit
19:25:59  INFO  manager.MyListener - End of find element with 'locator' --->By.cssSelector: #login-submit
19:25:59  INFO  manager.MyListener - Start find element with 'locator' --->By.cssSelector: [data-test-id ='create-board-tile']
19:26:06  INFO  manager.MyListener - End of find element with 'locator' --->By.cssSelector: [data-test-id ='create-board-tile']
19:26:07  INFO  manager.MyListener - Start find element with 'locator' --->By.cssSelector: [data-test-id ='create-board-title-input']
19:26:07  INFO  manager.MyListener - End of find element with 'locator' --->By.cssSelector: [data-test-id ='create-board-title-input']
19:26:08  INFO  manager.MyListener - Start find element with 'locator' --->By.cssSelector: button[title='Green']
19:26:08  INFO  manager.MyListener - End of find element with 'locator' --->By.cssSelector: button[title='Green']
19:26:08  INFO  manager.MyListener - Start find element with 'locator' --->By.cssSelector: [data-test-id='create-board-submit-button']
19:26:08  INFO  manager.MyListener - End of find element with 'locator' --->By.cssSelector: [data-test-id='create-board-submit-button']
19:26:10  INFO  manager.MyListener - Start find element with 'locator' --->By.cssSelector: [aria-label='Back to home']
19:26:11  INFO  manager.MyListener - End of find element with 'locator' --->By.cssSelector: [aria-label='Back to home']
19:26:14  INFO  manager.MyListener - Start find element with 'locator' --->By.cssSelector: div.content-all-boards>div>div:nth-child(2) ul div[title]
19:26:14  INFO  manager.MyListener - End of find element with 'locator' --->By.cssSelector: div.content-all-boards>div>div:nth-child(2) ul div[title]
